<?xml version="1.0" encoding="UTF-8"?>
<testsuite xmlns:xsi="http://www.w3.org/2001/XMLSchema-instance" xsi:noNamespaceSchemaLocation="https://maven.apache.org/surefire/maven-surefire-plugin/xsd/surefire-test-report-3.0.xsd" version="3.0" name="com.nhnacademy.bookstore.purchase.purchase.repository.PurchaseRepositoryTest" time="1.277" tests="2" errors="0" skipped="0" failures="0">
  <properties>
    <property name="sonar.projectName" value="be6-3runner-bookstore-gitaction"/>
    <property name="java.specification.version" value="21"/>
    <property name="sonar.host.url" value="http://133.186.241.167:9000"/>
    <property name="sun.jnu.encoding" value="UTF-8"/>
    <property name="java.class.path" value="/Users/administrator/Documents/nhn/3runner/git-repository/3runner-bookstore/target/test-classes:/Users/administrator/Documents/nhn/3runner/git-repository/3runner-bookstore/target/classes:/Users/administrator/.m2/repository/org/springframework/boot/spring-boot-starter-web/3.3.0/spring-boot-starter-web-3.3.0.jar:/Users/administrator/.m2/repository/org/springframework/boot/spring-boot-starter/3.3.0/spring-boot-starter-3.3.0.jar:/Users/administrator/.m2/repository/org/springframework/boot/spring-boot/3.3.0/spring-boot-3.3.0.jar:/Users/administrator/.m2/repository/org/springframework/boot/spring-boot-autoconfigure/3.3.0/spring-boot-autoconfigure-3.3.0.jar:/Users/administrator/.m2/repository/org/springframework/boot/spring-boot-starter-logging/3.3.0/spring-boot-starter-logging-3.3.0.jar:/Users/administrator/.m2/repository/ch/qos/logback/logback-classic/1.5.6/logback-classic-1.5.6.jar:/Users/administrator/.m2/repository/ch/qos/logback/logback-core/1.5.6/logback-core-1.5.6.jar:/Users/administrator/.m2/repository/org/apache/logging/log4j/log4j-to-slf4j/2.23.1/log4j-to-slf4j-2.23.1.jar:/Users/administrator/.m2/repository/org/apache/logging/log4j/log4j-api/2.23.1/log4j-api-2.23.1.jar:/Users/administrator/.m2/repository/org/slf4j/jul-to-slf4j/2.0.13/jul-to-slf4j-2.0.13.jar:/Users/administrator/.m2/repository/org/yaml/snakeyaml/2.2/snakeyaml-2.2.jar:/Users/administrator/.m2/repository/org/springframework/boot/spring-boot-starter-json/3.3.0/spring-boot-starter-json-3.3.0.jar:/Users/administrator/.m2/repository/com/fasterxml/jackson/datatype/jackson-datatype-jdk8/2.17.1/jackson-datatype-jdk8-2.17.1.jar:/Users/administrator/.m2/repository/com/fasterxml/jackson/datatype/jackson-datatype-jsr310/2.17.1/jackson-datatype-jsr310-2.17.1.jar:/Users/administrator/.m2/repository/com/fasterxml/jackson/module/jackson-module-parameter-names/2.17.1/jackson-module-parameter-names-2.17.1.jar:/Users/administrator/.m2/repository/org/springframework/boot/spring-boot-starter-tomcat/3.3.0/spring-boot-starter-tomcat-3.3.0.jar:/Users/administrator/.m2/repository/org/apache/tomcat/embed/tomcat-embed-core/10.1.24/tomcat-embed-core-10.1.24.jar:/Users/administrator/.m2/repository/org/apache/tomcat/embed/tomcat-embed-websocket/10.1.24/tomcat-embed-websocket-10.1.24.jar:/Users/administrator/.m2/repository/org/springframework/spring-web/6.1.8/spring-web-6.1.8.jar:/Users/administrator/.m2/repository/org/springframework/spring-beans/6.1.8/spring-beans-6.1.8.jar:/Users/administrator/.m2/repository/io/micrometer/micrometer-observation/1.13.0/micrometer-observation-1.13.0.jar:/Users/administrator/.m2/repository/io/micrometer/micrometer-commons/1.13.0/micrometer-commons-1.13.0.jar:/Users/administrator/.m2/repository/org/springframework/spring-webmvc/6.1.8/spring-webmvc-6.1.8.jar:/Users/administrator/.m2/repository/org/springframework/spring-aop/6.1.8/spring-aop-6.1.8.jar:/Users/administrator/.m2/repository/org/springframework/spring-expression/6.1.8/spring-expression-6.1.8.jar:/Users/administrator/.m2/repository/org/springframework/cloud/spring-cloud-starter-netflix-eureka-client/4.1.2/spring-cloud-starter-netflix-eureka-client-4.1.2.jar:/Users/administrator/.m2/repository/org/springframework/cloud/spring-cloud-starter/4.1.3/spring-cloud-starter-4.1.3.jar:/Users/administrator/.m2/repository/org/springframework/cloud/spring-cloud-context/4.1.3/spring-cloud-context-4.1.3.jar:/Users/administrator/.m2/repository/org/springframework/security/spring-security-rsa/1.1.3/spring-security-rsa-1.1.3.jar:/Users/administrator/.m2/repository/org/bouncycastle/bcprov-jdk18on/1.78/bcprov-jdk18on-1.78.jar:/Users/administrator/.m2/repository/org/springframework/cloud/spring-cloud-netflix-eureka-client/4.1.2/spring-cloud-netflix-eureka-client-4.1.2.jar:/Users/administrator/.m2/repository/org/apache/httpcomponents/client5/httpclient5/5.3.1/httpclient5-5.3.1.jar:/Users/administrator/.m2/repository/org/apache/httpcomponents/core5/httpcore5/5.2.4/httpcore5-5.2.4.jar:/Users/administrator/.m2/repository/org/apache/httpcomponents/core5/httpcore5-h2/5.2.4/httpcore5-h2-5.2.4.jar:/Users/administrator/.m2/repository/com/netflix/eureka/eureka-client/2.0.2/eureka-client-2.0.2.jar:/Users/administrator/.m2/repository/com/netflix/netflix-commons/netflix-eventbus/0.3.0/netflix-eventbus-0.3.0.jar:/Users/administrator/.m2/repository/com/netflix/netflix-commons/netflix-infix/0.3.0/netflix-infix-0.3.0.jar:/Users/administrator/.m2/repository/commons-jxpath/commons-jxpath/1.3/commons-jxpath-1.3.jar:/Users/administrator/.m2/repository/org/antlr/antlr-runtime/3.4/antlr-runtime-3.4.jar:/Users/administrator/.m2/repository/org/antlr/stringtemplate/3.2.1/stringtemplate-3.2.1.jar:/Users/administrator/.m2/repository/antlr/antlr/2.7.7/antlr-2.7.7.jar:/Users/administrator/.m2/repository/com/google/code/gson/gson/2.10.1/gson-2.10.1.jar:/Users/administrator/.m2/repository/org/apache/commons/commons-math/2.2/commons-math-2.2.jar:/Users/administrator/.m2/repository/com/thoughtworks/xstream/xstream/1.4.19/xstream-1.4.19.jar:/Users/administrator/.m2/repository/io/github/x-stream/mxparser/1.2.2/mxparser-1.2.2.jar:/Users/administrator/.m2/repository/xmlpull/xmlpull/1.1.3.1/xmlpull-1.1.3.1.jar:/Users/administrator/.m2/repository/jakarta/ws/rs/jakarta.ws.rs-api/3.1.0/jakarta.ws.rs-api-3.1.0.jar:/Users/administrator/.m2/repository/jakarta/inject/jakarta.inject-api/2.0.1/jakarta.inject-api-2.0.1.jar:/Users/administrator/.m2/repository/com/netflix/servo/servo-core/0.12.21/servo-core-0.12.21.jar:/Users/administrator/.m2/repository/com/google/guava/guava/19.0/guava-19.0.jar:/Users/administrator/.m2/repository/org/apache/httpcomponents/httpclient/4.5.3/httpclient-4.5.3.jar:/Users/administrator/.m2/repository/commons-configuration/commons-configuration/1.10/commons-configuration-1.10.jar:/Users/administrator/.m2/repository/commons-lang/commons-lang/2.6/commons-lang-2.6.jar:/Users/administrator/.m2/repository/org/codehaus/jettison/jettison/1.5.4/jettison-1.5.4.jar:/Users/administrator/.m2/repository/com/netflix/eureka/eureka-core/2.0.2/eureka-core-2.0.2.jar:/Users/administrator/.m2/repository/com/fasterxml/woodstox/woodstox-core/6.2.1/woodstox-core-6.2.1.jar:/Users/administrator/.m2/repository/org/codehaus/woodstox/stax2-api/4.2.1/stax2-api-4.2.1.jar:/Users/administrator/.m2/repository/org/springframework/cloud/spring-cloud-starter-loadbalancer/4.1.3/spring-cloud-starter-loadbalancer-4.1.3.jar:/Users/administrator/.m2/repository/org/springframework/cloud/spring-cloud-loadbalancer/4.1.3/spring-cloud-loadbalancer-4.1.3.jar:/Users/administrator/.m2/repository/io/projectreactor/reactor-core/3.6.6/reactor-core-3.6.6.jar:/Users/administrator/.m2/repository/org/reactivestreams/reactive-streams/1.0.4/reactive-streams-1.0.4.jar:/Users/administrator/.m2/repository/io/projectreactor/addons/reactor-extra/3.5.1/reactor-extra-3.5.1.jar:/Users/administrator/.m2/repository/org/springframework/boot/spring-boot-starter-cache/3.3.0/spring-boot-starter-cache-3.3.0.jar:/Users/administrator/.m2/repository/org/springframework/spring-context-support/6.1.8/spring-context-support-6.1.8.jar:/Users/administrator/.m2/repository/com/stoyanr/evictor/1.0.0/evictor-1.0.0.jar:/Users/administrator/.m2/repository/org/springframework/cloud/spring-cloud-starter-openfeign/4.1.2/spring-cloud-starter-openfeign-4.1.2.jar:/Users/administrator/.m2/repository/org/springframework/cloud/spring-cloud-openfeign-core/4.1.2/spring-cloud-openfeign-core-4.1.2.jar:/Users/administrator/.m2/repository/io/github/openfeign/form/feign-form-spring/3.8.0/feign-form-spring-3.8.0.jar:/Users/administrator/.m2/repository/io/github/openfeign/form/feign-form/3.8.0/feign-form-3.8.0.jar:/Users/administrator/.m2/repository/commons-fileupload/commons-fileupload/1.5/commons-fileupload-1.5.jar:/Users/administrator/.m2/repository/commons-io/commons-io/2.11.0/commons-io-2.11.0.jar:/Users/administrator/.m2/repository/org/springframework/cloud/spring-cloud-commons/4.1.3/spring-cloud-commons-4.1.3.jar:/Users/administrator/.m2/repository/org/springframework/security/spring-security-crypto/6.3.0/spring-security-crypto-6.3.0.jar:/Users/administrator/.m2/repository/io/github/openfeign/feign-core/13.2.1/feign-core-13.2.1.jar:/Users/administrator/.m2/repository/io/github/openfeign/feign-slf4j/13.2.1/feign-slf4j-13.2.1.jar:/Users/administrator/.m2/repository/org/springframework/boot/spring-boot-starter-data-jpa/3.3.0/spring-boot-starter-data-jpa-3.3.0.jar:/Users/administrator/.m2/repository/org/springframework/boot/spring-boot-starter-aop/3.3.0/spring-boot-starter-aop-3.3.0.jar:/Users/administrator/.m2/repository/org/aspectj/aspectjweaver/1.9.22/aspectjweaver-1.9.22.jar:/Users/administrator/.m2/repository/org/springframework/boot/spring-boot-starter-jdbc/3.3.0/spring-boot-starter-jdbc-3.3.0.jar:/Users/administrator/.m2/repository/com/zaxxer/HikariCP/5.1.0/HikariCP-5.1.0.jar:/Users/administrator/.m2/repository/org/springframework/spring-jdbc/6.1.8/spring-jdbc-6.1.8.jar:/Users/administrator/.m2/repository/org/hibernate/orm/hibernate-core/6.5.2.Final/hibernate-core-6.5.2.Final.jar:/Users/administrator/.m2/repository/org/jboss/logging/jboss-logging/3.5.3.Final/jboss-logging-3.5.3.Final.jar:/Users/administrator/.m2/repository/org/hibernate/common/hibernate-commons-annotations/6.0.6.Final/hibernate-commons-annotations-6.0.6.Final.jar:/Users/administrator/.m2/repository/io/smallrye/jandex/3.1.2/jandex-3.1.2.jar:/Users/administrator/.m2/repository/com/fasterxml/classmate/1.7.0/classmate-1.7.0.jar:/Users/administrator/.m2/repository/net/bytebuddy/byte-buddy/1.14.16/byte-buddy-1.14.16.jar:/Users/administrator/.m2/repository/org/glassfish/jaxb/jaxb-runtime/4.0.5/jaxb-runtime-4.0.5.jar:/Users/administrator/.m2/repository/org/glassfish/jaxb/jaxb-core/4.0.5/jaxb-core-4.0.5.jar:/Users/administrator/.m2/repository/org/eclipse/angus/angus-activation/2.0.2/angus-activation-2.0.2.jar:/Users/administrator/.m2/repository/org/glassfish/jaxb/txw2/4.0.5/txw2-4.0.5.jar:/Users/administrator/.m2/repository/com/sun/istack/istack-commons-runtime/4.1.2/istack-commons-runtime-4.1.2.jar:/Users/administrator/.m2/repository/org/antlr/antlr4-runtime/4.13.0/antlr4-runtime-4.13.0.jar:/Users/administrator/.m2/repository/org/springframework/data/spring-data-jpa/3.3.0/spring-data-jpa-3.3.0.jar:/Users/administrator/.m2/repository/org/springframework/spring-orm/6.1.8/spring-orm-6.1.8.jar:/Users/administrator/.m2/repository/org/springframework/spring-aspects/6.1.8/spring-aspects-6.1.8.jar:/Users/administrator/.m2/repository/org/springframework/data/spring-data-elasticsearch/5.3.1/spring-data-elasticsearch-5.3.1.jar:/Users/administrator/.m2/repository/org/springframework/spring-context/6.1.8/spring-context-6.1.8.jar:/Users/administrator/.m2/repository/org/springframework/spring-tx/6.1.8/spring-tx-6.1.8.jar:/Users/administrator/.m2/repository/org/springframework/data/spring-data-commons/3.3.0/spring-data-commons-3.3.0.jar:/Users/administrator/.m2/repository/co/elastic/clients/elasticsearch-java/8.13.4/elasticsearch-java-8.13.4.jar:/Users/administrator/.m2/repository/com/google/code/findbugs/jsr305/3.0.2/jsr305-3.0.2.jar:/Users/administrator/.m2/repository/jakarta/json/jakarta.json-api/2.1.3/jakarta.json-api-2.1.3.jar:/Users/administrator/.m2/repository/org/eclipse/parsson/parsson/1.0.5/parsson-1.0.5.jar:/Users/administrator/.m2/repository/io/opentelemetry/opentelemetry-api/1.37.0/opentelemetry-api-1.37.0.jar:/Users/administrator/.m2/repository/io/opentelemetry/opentelemetry-context/1.37.0/opentelemetry-context-1.37.0.jar:/Users/administrator/.m2/repository/org/elasticsearch/client/elasticsearch-rest-client/8.13.4/elasticsearch-rest-client-8.13.4.jar:/Users/administrator/.m2/repository/org/apache/httpcomponents/httpcore/4.4.16/httpcore-4.4.16.jar:/Users/administrator/.m2/repository/org/apache/httpcomponents/httpasyncclient/4.1.5/httpasyncclient-4.1.5.jar:/Users/administrator/.m2/repository/org/apache/httpcomponents/httpcore-nio/4.4.16/httpcore-nio-4.4.16.jar:/Users/administrator/.m2/repository/commons-codec/commons-codec/1.16.1/commons-codec-1.16.1.jar:/Users/administrator/.m2/repository/com/fasterxml/jackson/core/jackson-core/2.17.1/jackson-core-2.17.1.jar:/Users/administrator/.m2/repository/org/slf4j/slf4j-api/2.0.13/slf4j-api-2.0.13.jar:/Users/administrator/.m2/repository/org/springframework/boot/spring-boot-starter-test/3.3.0/spring-boot-starter-test-3.3.0.jar:/Users/administrator/.m2/repository/org/springframework/boot/spring-boot-test/3.3.0/spring-boot-test-3.3.0.jar:/Users/administrator/.m2/repository/org/springframework/boot/spring-boot-test-autoconfigure/3.3.0/spring-boot-test-autoconfigure-3.3.0.jar:/Users/administrator/.m2/repository/com/jayway/jsonpath/json-path/2.9.0/json-path-2.9.0.jar:/Users/administrator/.m2/repository/jakarta/xml/bind/jakarta.xml.bind-api/4.0.2/jakarta.xml.bind-api-4.0.2.jar:/Users/administrator/.m2/repository/jakarta/activation/jakarta.activation-api/2.1.3/jakarta.activation-api-2.1.3.jar:/Users/administrator/.m2/repository/net/minidev/json-smart/2.5.1/json-smart-2.5.1.jar:/Users/administrator/.m2/repository/net/minidev/accessors-smart/2.5.1/accessors-smart-2.5.1.jar:/Users/administrator/.m2/repository/org/ow2/asm/asm/9.6/asm-9.6.jar:/Users/administrator/.m2/repository/org/assertj/assertj-core/3.25.3/assertj-core-3.25.3.jar:/Users/administrator/.m2/repository/org/awaitility/awaitility/4.2.1/awaitility-4.2.1.jar:/Users/administrator/.m2/repository/org/hamcrest/hamcrest/2.2/hamcrest-2.2.jar:/Users/administrator/.m2/repository/org/junit/jupiter/junit-jupiter/5.10.2/junit-jupiter-5.10.2.jar:/Users/administrator/.m2/repository/org/junit/jupiter/junit-jupiter-api/5.10.2/junit-jupiter-api-5.10.2.jar:/Users/administrator/.m2/repository/org/opentest4j/opentest4j/1.3.0/opentest4j-1.3.0.jar:/Users/administrator/.m2/repository/org/junit/platform/junit-platform-commons/1.10.2/junit-platform-commons-1.10.2.jar:/Users/administrator/.m2/repository/org/apiguardian/apiguardian-api/1.1.2/apiguardian-api-1.1.2.jar:/Users/administrator/.m2/repository/org/junit/jupiter/junit-jupiter-params/5.10.2/junit-jupiter-params-5.10.2.jar:/Users/administrator/.m2/repository/org/junit/jupiter/junit-jupiter-engine/5.10.2/junit-jupiter-engine-5.10.2.jar:/Users/administrator/.m2/repository/org/junit/platform/junit-platform-engine/1.10.2/junit-platform-engine-1.10.2.jar:/Users/administrator/.m2/repository/org/mockito/mockito-core/5.11.0/mockito-core-5.11.0.jar:/Users/administrator/.m2/repository/net/bytebuddy/byte-buddy-agent/1.14.16/byte-buddy-agent-1.14.16.jar:/Users/administrator/.m2/repository/org/objenesis/objenesis/3.3/objenesis-3.3.jar:/Users/administrator/.m2/repository/org/mockito/mockito-junit-jupiter/5.11.0/mockito-junit-jupiter-5.11.0.jar:/Users/administrator/.m2/repository/org/skyscreamer/jsonassert/1.5.1/jsonassert-1.5.1.jar:/Users/administrator/.m2/repository/com/vaadin/external/google/android-json/0.0.20131108.vaadin1/android-json-0.0.20131108.vaadin1.jar:/Users/administrator/.m2/repository/org/springframework/spring-core/6.1.8/spring-core-6.1.8.jar:/Users/administrator/.m2/repository/org/springframework/spring-jcl/6.1.8/spring-jcl-6.1.8.jar:/Users/administrator/.m2/repository/org/springframework/spring-test/6.1.8/spring-test-6.1.8.jar:/Users/administrator/.m2/repository/org/xmlunit/xmlunit-core/2.9.1/xmlunit-core-2.9.1.jar:/Users/administrator/.m2/repository/org/springframework/boot/spring-boot-starter-data-rest/3.3.0/spring-boot-starter-data-rest-3.3.0.jar:/Users/administrator/.m2/repository/org/springframework/data/spring-data-rest-webmvc/4.3.0/spring-data-rest-webmvc-4.3.0.jar:/Users/administrator/.m2/repository/org/springframework/data/spring-data-rest-core/4.3.0/spring-data-rest-core-4.3.0.jar:/Users/administrator/.m2/repository/org/springframework/hateoas/spring-hateoas/2.3.0/spring-hateoas-2.3.0.jar:/Users/administrator/.m2/repository/org/springframework/plugin/spring-plugin-core/3.0.0/spring-plugin-core-3.0.0.jar:/Users/administrator/.m2/repository/org/atteo/evo-inflector/1.3/evo-inflector-1.3.jar:/Users/administrator/.m2/repository/org/springframework/boot/spring-boot-starter-validation/3.3.0/spring-boot-starter-validation-3.3.0.jar:/Users/administrator/.m2/repository/org/apache/tomcat/embed/tomcat-embed-el/10.1.24/tomcat-embed-el-10.1.24.jar:/Users/administrator/.m2/repository/org/hibernate/validator/hibernate-validator/8.0.1.Final/hibernate-validator-8.0.1.Final.jar:/Users/administrator/.m2/repository/jakarta/validation/jakarta.validation-api/3.0.2/jakarta.validation-api-3.0.2.jar:/Users/administrator/.m2/repository/com/h2database/h2/2.2.224/h2-2.2.224.jar:/Users/administrator/.m2/repository/com/mysql/mysql-connector-j/8.3.0/mysql-connector-j-8.3.0.jar:/Users/administrator/.m2/repository/com/querydsl/querydsl-jpa/5.0.0/querydsl-jpa-5.0.0-jakarta.jar:/Users/administrator/.m2/repository/com/querydsl/querydsl-core/5.1.0/querydsl-core-5.1.0.jar:/Users/administrator/.m2/repository/com/mysema/commons/mysema-commons-lang/0.2.4/mysema-commons-lang-0.2.4.jar:/Users/administrator/.m2/repository/com/querydsl/querydsl-apt/5.0.0/querydsl-apt-5.0.0-jakarta.jar:/Users/administrator/.m2/repository/com/querydsl/querydsl-codegen/5.1.0/querydsl-codegen-5.1.0.jar:/Users/administrator/.m2/repository/com/querydsl/codegen-utils/5.1.0/codegen-utils-5.1.0.jar:/Users/administrator/.m2/repository/org/eclipse/jdt/ecj/3.26.0/ecj-3.26.0.jar:/Users/administrator/.m2/repository/javax/inject/javax.inject/1/javax.inject-1.jar:/Users/administrator/.m2/repository/io/github/classgraph/classgraph/4.8.146/classgraph-4.8.146.jar:/Users/administrator/.m2/repository/jakarta/annotation/jakarta.annotation-api/2.1.1/jakarta.annotation-api-2.1.1.jar:/Users/administrator/.m2/repository/jakarta/persistence/jakarta.persistence-api/3.1.0/jakarta.persistence-api-3.1.0.jar:/Users/administrator/.m2/repository/org/apache/commons/commons-dbcp2/2.12.0/commons-dbcp2-2.12.0.jar:/Users/administrator/.m2/repository/org/apache/commons/commons-pool2/2.12.0/commons-pool2-2.12.0.jar:/Users/administrator/.m2/repository/jakarta/transaction/jakarta.transaction-api/2.0.1/jakarta.transaction-api-2.0.1.jar:/Users/administrator/.m2/repository/org/projectlombok/lombok/1.18.32/lombok-1.18.32.jar:/Users/administrator/.m2/repository/com/fasterxml/jackson/core/jackson-databind/2.17.1/jackson-databind-2.17.1.jar:/Users/administrator/.m2/repository/com/fasterxml/jackson/core/jackson-annotations/2.17.1/jackson-annotations-2.17.1.jar:/Users/administrator/.m2/repository/com/fasterxml/uuid/java-uuid-generator/4.0.1/java-uuid-generator-4.0.1.jar:/Users/administrator/.m2/repository/com/amazonaws/aws-java-sdk-s3/1.12.470/aws-java-sdk-s3-1.12.470.jar:/Users/administrator/.m2/repository/com/amazonaws/aws-java-sdk-kms/1.12.470/aws-java-sdk-kms-1.12.470.jar:/Users/administrator/.m2/repository/com/amazonaws/aws-java-sdk-core/1.12.470/aws-java-sdk-core-1.12.470.jar:/Users/administrator/.m2/repository/commons-logging/commons-logging/1.1.3/commons-logging-1.1.3.jar:/Users/administrator/.m2/repository/software/amazon/ion/ion-java/1.0.2/ion-java-1.0.2.jar:/Users/administrator/.m2/repository/com/fasterxml/jackson/dataformat/jackson-dataformat-cbor/2.17.1/jackson-dataformat-cbor-2.17.1.jar:/Users/administrator/.m2/repository/joda-time/joda-time/2.8.1/joda-time-2.8.1.jar:/Users/administrator/.m2/repository/com/amazonaws/jmespath-java/1.12.470/jmespath-java-1.12.470.jar:"/>
    <property name="java.vm.vendor" value="Eclipse Adoptium"/>
    <property name="sun.arch.data.model" value="64"/>
    <property name="java.vendor.url" value="https://adoptium.net/"/>
    <property name="user.timezone" value="Asia/Seoul"/>
    <property name="org.jboss.logging.provider" value="slf4j"/>
    <property name="os.name" value="Mac OS X"/>
    <property name="java.vm.specification.version" value="21"/>
    <property name="sun.java.launcher" value="SUN_STANDARD"/>
    <property name="user.country" value="KR"/>
    <property name="sun.boot.library.path" value="/Library/Java/JavaVirtualMachines/temurin-21.jdk/Contents/Home/lib"/>
    <property name="sun.java.command" value="/Users/administrator/Documents/nhn/3runner/git-repository/3runner-bookstore/target/surefire/surefirebooter-20240624101613105_3.jar /Users/administrator/Documents/nhn/3runner/git-repository/3runner-bookstore/target/surefire 2024-06-24T10-16-13_062-jvmRun1 surefire-20240624101613105_1tmp surefire_0-20240624101613105_2tmp"/>
    <property name="http.nonProxyHosts" value="local|*.local|169.254/16|*.169.254/16"/>
    <property name="jdk.debug" value="release"/>
    <property name="surefire.test.class.path" value="/Users/administrator/Documents/nhn/3runner/git-repository/3runner-bookstore/target/test-classes:/Users/administrator/Documents/nhn/3runner/git-repository/3runner-bookstore/target/classes:/Users/administrator/.m2/repository/org/springframework/boot/spring-boot-starter-web/3.3.0/spring-boot-starter-web-3.3.0.jar:/Users/administrator/.m2/repository/org/springframework/boot/spring-boot-starter/3.3.0/spring-boot-starter-3.3.0.jar:/Users/administrator/.m2/repository/org/springframework/boot/spring-boot/3.3.0/spring-boot-3.3.0.jar:/Users/administrator/.m2/repository/org/springframework/boot/spring-boot-autoconfigure/3.3.0/spring-boot-autoconfigure-3.3.0.jar:/Users/administrator/.m2/repository/org/springframework/boot/spring-boot-starter-logging/3.3.0/spring-boot-starter-logging-3.3.0.jar:/Users/administrator/.m2/repository/ch/qos/logback/logback-classic/1.5.6/logback-classic-1.5.6.jar:/Users/administrator/.m2/repository/ch/qos/logback/logback-core/1.5.6/logback-core-1.5.6.jar:/Users/administrator/.m2/repository/org/apache/logging/log4j/log4j-to-slf4j/2.23.1/log4j-to-slf4j-2.23.1.jar:/Users/administrator/.m2/repository/org/apache/logging/log4j/log4j-api/2.23.1/log4j-api-2.23.1.jar:/Users/administrator/.m2/repository/org/slf4j/jul-to-slf4j/2.0.13/jul-to-slf4j-2.0.13.jar:/Users/administrator/.m2/repository/org/yaml/snakeyaml/2.2/snakeyaml-2.2.jar:/Users/administrator/.m2/repository/org/springframework/boot/spring-boot-starter-json/3.3.0/spring-boot-starter-json-3.3.0.jar:/Users/administrator/.m2/repository/com/fasterxml/jackson/datatype/jackson-datatype-jdk8/2.17.1/jackson-datatype-jdk8-2.17.1.jar:/Users/administrator/.m2/repository/com/fasterxml/jackson/datatype/jackson-datatype-jsr310/2.17.1/jackson-datatype-jsr310-2.17.1.jar:/Users/administrator/.m2/repository/com/fasterxml/jackson/module/jackson-module-parameter-names/2.17.1/jackson-module-parameter-names-2.17.1.jar:/Users/administrator/.m2/repository/org/springframework/boot/spring-boot-starter-tomcat/3.3.0/spring-boot-starter-tomcat-3.3.0.jar:/Users/administrator/.m2/repository/org/apache/tomcat/embed/tomcat-embed-core/10.1.24/tomcat-embed-core-10.1.24.jar:/Users/administrator/.m2/repository/org/apache/tomcat/embed/tomcat-embed-websocket/10.1.24/tomcat-embed-websocket-10.1.24.jar:/Users/administrator/.m2/repository/org/springframework/spring-web/6.1.8/spring-web-6.1.8.jar:/Users/administrator/.m2/repository/org/springframework/spring-beans/6.1.8/spring-beans-6.1.8.jar:/Users/administrator/.m2/repository/io/micrometer/micrometer-observation/1.13.0/micrometer-observation-1.13.0.jar:/Users/administrator/.m2/repository/io/micrometer/micrometer-commons/1.13.0/micrometer-commons-1.13.0.jar:/Users/administrator/.m2/repository/org/springframework/spring-webmvc/6.1.8/spring-webmvc-6.1.8.jar:/Users/administrator/.m2/repository/org/springframework/spring-aop/6.1.8/spring-aop-6.1.8.jar:/Users/administrator/.m2/repository/org/springframework/spring-expression/6.1.8/spring-expression-6.1.8.jar:/Users/administrator/.m2/repository/org/springframework/cloud/spring-cloud-starter-netflix-eureka-client/4.1.2/spring-cloud-starter-netflix-eureka-client-4.1.2.jar:/Users/administrator/.m2/repository/org/springframework/cloud/spring-cloud-starter/4.1.3/spring-cloud-starter-4.1.3.jar:/Users/administrator/.m2/repository/org/springframework/cloud/spring-cloud-context/4.1.3/spring-cloud-context-4.1.3.jar:/Users/administrator/.m2/repository/org/springframework/security/spring-security-rsa/1.1.3/spring-security-rsa-1.1.3.jar:/Users/administrator/.m2/repository/org/bouncycastle/bcprov-jdk18on/1.78/bcprov-jdk18on-1.78.jar:/Users/administrator/.m2/repository/org/springframework/cloud/spring-cloud-netflix-eureka-client/4.1.2/spring-cloud-netflix-eureka-client-4.1.2.jar:/Users/administrator/.m2/repository/org/apache/httpcomponents/client5/httpclient5/5.3.1/httpclient5-5.3.1.jar:/Users/administrator/.m2/repository/org/apache/httpcomponents/core5/httpcore5/5.2.4/httpcore5-5.2.4.jar:/Users/administrator/.m2/repository/org/apache/httpcomponents/core5/httpcore5-h2/5.2.4/httpcore5-h2-5.2.4.jar:/Users/administrator/.m2/repository/com/netflix/eureka/eureka-client/2.0.2/eureka-client-2.0.2.jar:/Users/administrator/.m2/repository/com/netflix/netflix-commons/netflix-eventbus/0.3.0/netflix-eventbus-0.3.0.jar:/Users/administrator/.m2/repository/com/netflix/netflix-commons/netflix-infix/0.3.0/netflix-infix-0.3.0.jar:/Users/administrator/.m2/repository/commons-jxpath/commons-jxpath/1.3/commons-jxpath-1.3.jar:/Users/administrator/.m2/repository/org/antlr/antlr-runtime/3.4/antlr-runtime-3.4.jar:/Users/administrator/.m2/repository/org/antlr/stringtemplate/3.2.1/stringtemplate-3.2.1.jar:/Users/administrator/.m2/repository/antlr/antlr/2.7.7/antlr-2.7.7.jar:/Users/administrator/.m2/repository/com/google/code/gson/gson/2.10.1/gson-2.10.1.jar:/Users/administrator/.m2/repository/org/apache/commons/commons-math/2.2/commons-math-2.2.jar:/Users/administrator/.m2/repository/com/thoughtworks/xstream/xstream/1.4.19/xstream-1.4.19.jar:/Users/administrator/.m2/repository/io/github/x-stream/mxparser/1.2.2/mxparser-1.2.2.jar:/Users/administrator/.m2/repository/xmlpull/xmlpull/1.1.3.1/xmlpull-1.1.3.1.jar:/Users/administrator/.m2/repository/jakarta/ws/rs/jakarta.ws.rs-api/3.1.0/jakarta.ws.rs-api-3.1.0.jar:/Users/administrator/.m2/repository/jakarta/inject/jakarta.inject-api/2.0.1/jakarta.inject-api-2.0.1.jar:/Users/administrator/.m2/repository/com/netflix/servo/servo-core/0.12.21/servo-core-0.12.21.jar:/Users/administrator/.m2/repository/com/google/guava/guava/19.0/guava-19.0.jar:/Users/administrator/.m2/repository/org/apache/httpcomponents/httpclient/4.5.3/httpclient-4.5.3.jar:/Users/administrator/.m2/repository/commons-configuration/commons-configuration/1.10/commons-configuration-1.10.jar:/Users/administrator/.m2/repository/commons-lang/commons-lang/2.6/commons-lang-2.6.jar:/Users/administrator/.m2/repository/org/codehaus/jettison/jettison/1.5.4/jettison-1.5.4.jar:/Users/administrator/.m2/repository/com/netflix/eureka/eureka-core/2.0.2/eureka-core-2.0.2.jar:/Users/administrator/.m2/repository/com/fasterxml/woodstox/woodstox-core/6.2.1/woodstox-core-6.2.1.jar:/Users/administrator/.m2/repository/org/codehaus/woodstox/stax2-api/4.2.1/stax2-api-4.2.1.jar:/Users/administrator/.m2/repository/org/springframework/cloud/spring-cloud-starter-loadbalancer/4.1.3/spring-cloud-starter-loadbalancer-4.1.3.jar:/Users/administrator/.m2/repository/org/springframework/cloud/spring-cloud-loadbalancer/4.1.3/spring-cloud-loadbalancer-4.1.3.jar:/Users/administrator/.m2/repository/io/projectreactor/reactor-core/3.6.6/reactor-core-3.6.6.jar:/Users/administrator/.m2/repository/org/reactivestreams/reactive-streams/1.0.4/reactive-streams-1.0.4.jar:/Users/administrator/.m2/repository/io/projectreactor/addons/reactor-extra/3.5.1/reactor-extra-3.5.1.jar:/Users/administrator/.m2/repository/org/springframework/boot/spring-boot-starter-cache/3.3.0/spring-boot-starter-cache-3.3.0.jar:/Users/administrator/.m2/repository/org/springframework/spring-context-support/6.1.8/spring-context-support-6.1.8.jar:/Users/administrator/.m2/repository/com/stoyanr/evictor/1.0.0/evictor-1.0.0.jar:/Users/administrator/.m2/repository/org/springframework/cloud/spring-cloud-starter-openfeign/4.1.2/spring-cloud-starter-openfeign-4.1.2.jar:/Users/administrator/.m2/repository/org/springframework/cloud/spring-cloud-openfeign-core/4.1.2/spring-cloud-openfeign-core-4.1.2.jar:/Users/administrator/.m2/repository/io/github/openfeign/form/feign-form-spring/3.8.0/feign-form-spring-3.8.0.jar:/Users/administrator/.m2/repository/io/github/openfeign/form/feign-form/3.8.0/feign-form-3.8.0.jar:/Users/administrator/.m2/repository/commons-fileupload/commons-fileupload/1.5/commons-fileupload-1.5.jar:/Users/administrator/.m2/repository/commons-io/commons-io/2.11.0/commons-io-2.11.0.jar:/Users/administrator/.m2/repository/org/springframework/cloud/spring-cloud-commons/4.1.3/spring-cloud-commons-4.1.3.jar:/Users/administrator/.m2/repository/org/springframework/security/spring-security-crypto/6.3.0/spring-security-crypto-6.3.0.jar:/Users/administrator/.m2/repository/io/github/openfeign/feign-core/13.2.1/feign-core-13.2.1.jar:/Users/administrator/.m2/repository/io/github/openfeign/feign-slf4j/13.2.1/feign-slf4j-13.2.1.jar:/Users/administrator/.m2/repository/org/springframework/boot/spring-boot-starter-data-jpa/3.3.0/spring-boot-starter-data-jpa-3.3.0.jar:/Users/administrator/.m2/repository/org/springframework/boot/spring-boot-starter-aop/3.3.0/spring-boot-starter-aop-3.3.0.jar:/Users/administrator/.m2/repository/org/aspectj/aspectjweaver/1.9.22/aspectjweaver-1.9.22.jar:/Users/administrator/.m2/repository/org/springframework/boot/spring-boot-starter-jdbc/3.3.0/spring-boot-starter-jdbc-3.3.0.jar:/Users/administrator/.m2/repository/com/zaxxer/HikariCP/5.1.0/HikariCP-5.1.0.jar:/Users/administrator/.m2/repository/org/springframework/spring-jdbc/6.1.8/spring-jdbc-6.1.8.jar:/Users/administrator/.m2/repository/org/hibernate/orm/hibernate-core/6.5.2.Final/hibernate-core-6.5.2.Final.jar:/Users/administrator/.m2/repository/org/jboss/logging/jboss-logging/3.5.3.Final/jboss-logging-3.5.3.Final.jar:/Users/administrator/.m2/repository/org/hibernate/common/hibernate-commons-annotations/6.0.6.Final/hibernate-commons-annotations-6.0.6.Final.jar:/Users/administrator/.m2/repository/io/smallrye/jandex/3.1.2/jandex-3.1.2.jar:/Users/administrator/.m2/repository/com/fasterxml/classmate/1.7.0/classmate-1.7.0.jar:/Users/administrator/.m2/repository/net/bytebuddy/byte-buddy/1.14.16/byte-buddy-1.14.16.jar:/Users/administrator/.m2/repository/org/glassfish/jaxb/jaxb-runtime/4.0.5/jaxb-runtime-4.0.5.jar:/Users/administrator/.m2/repository/org/glassfish/jaxb/jaxb-core/4.0.5/jaxb-core-4.0.5.jar:/Users/administrator/.m2/repository/org/eclipse/angus/angus-activation/2.0.2/angus-activation-2.0.2.jar:/Users/administrator/.m2/repository/org/glassfish/jaxb/txw2/4.0.5/txw2-4.0.5.jar:/Users/administrator/.m2/repository/com/sun/istack/istack-commons-runtime/4.1.2/istack-commons-runtime-4.1.2.jar:/Users/administrator/.m2/repository/org/antlr/antlr4-runtime/4.13.0/antlr4-runtime-4.13.0.jar:/Users/administrator/.m2/repository/org/springframework/data/spring-data-jpa/3.3.0/spring-data-jpa-3.3.0.jar:/Users/administrator/.m2/repository/org/springframework/spring-orm/6.1.8/spring-orm-6.1.8.jar:/Users/administrator/.m2/repository/org/springframework/spring-aspects/6.1.8/spring-aspects-6.1.8.jar:/Users/administrator/.m2/repository/org/springframework/data/spring-data-elasticsearch/5.3.1/spring-data-elasticsearch-5.3.1.jar:/Users/administrator/.m2/repository/org/springframework/spring-context/6.1.8/spring-context-6.1.8.jar:/Users/administrator/.m2/repository/org/springframework/spring-tx/6.1.8/spring-tx-6.1.8.jar:/Users/administrator/.m2/repository/org/springframework/data/spring-data-commons/3.3.0/spring-data-commons-3.3.0.jar:/Users/administrator/.m2/repository/co/elastic/clients/elasticsearch-java/8.13.4/elasticsearch-java-8.13.4.jar:/Users/administrator/.m2/repository/com/google/code/findbugs/jsr305/3.0.2/jsr305-3.0.2.jar:/Users/administrator/.m2/repository/jakarta/json/jakarta.json-api/2.1.3/jakarta.json-api-2.1.3.jar:/Users/administrator/.m2/repository/org/eclipse/parsson/parsson/1.0.5/parsson-1.0.5.jar:/Users/administrator/.m2/repository/io/opentelemetry/opentelemetry-api/1.37.0/opentelemetry-api-1.37.0.jar:/Users/administrator/.m2/repository/io/opentelemetry/opentelemetry-context/1.37.0/opentelemetry-context-1.37.0.jar:/Users/administrator/.m2/repository/org/elasticsearch/client/elasticsearch-rest-client/8.13.4/elasticsearch-rest-client-8.13.4.jar:/Users/administrator/.m2/repository/org/apache/httpcomponents/httpcore/4.4.16/httpcore-4.4.16.jar:/Users/administrator/.m2/repository/org/apache/httpcomponents/httpasyncclient/4.1.5/httpasyncclient-4.1.5.jar:/Users/administrator/.m2/repository/org/apache/httpcomponents/httpcore-nio/4.4.16/httpcore-nio-4.4.16.jar:/Users/administrator/.m2/repository/commons-codec/commons-codec/1.16.1/commons-codec-1.16.1.jar:/Users/administrator/.m2/repository/com/fasterxml/jackson/core/jackson-core/2.17.1/jackson-core-2.17.1.jar:/Users/administrator/.m2/repository/org/slf4j/slf4j-api/2.0.13/slf4j-api-2.0.13.jar:/Users/administrator/.m2/repository/org/springframework/boot/spring-boot-starter-test/3.3.0/spring-boot-starter-test-3.3.0.jar:/Users/administrator/.m2/repository/org/springframework/boot/spring-boot-test/3.3.0/spring-boot-test-3.3.0.jar:/Users/administrator/.m2/repository/org/springframework/boot/spring-boot-test-autoconfigure/3.3.0/spring-boot-test-autoconfigure-3.3.0.jar:/Users/administrator/.m2/repository/com/jayway/jsonpath/json-path/2.9.0/json-path-2.9.0.jar:/Users/administrator/.m2/repository/jakarta/xml/bind/jakarta.xml.bind-api/4.0.2/jakarta.xml.bind-api-4.0.2.jar:/Users/administrator/.m2/repository/jakarta/activation/jakarta.activation-api/2.1.3/jakarta.activation-api-2.1.3.jar:/Users/administrator/.m2/repository/net/minidev/json-smart/2.5.1/json-smart-2.5.1.jar:/Users/administrator/.m2/repository/net/minidev/accessors-smart/2.5.1/accessors-smart-2.5.1.jar:/Users/administrator/.m2/repository/org/ow2/asm/asm/9.6/asm-9.6.jar:/Users/administrator/.m2/repository/org/assertj/assertj-core/3.25.3/assertj-core-3.25.3.jar:/Users/administrator/.m2/repository/org/awaitility/awaitility/4.2.1/awaitility-4.2.1.jar:/Users/administrator/.m2/repository/org/hamcrest/hamcrest/2.2/hamcrest-2.2.jar:/Users/administrator/.m2/repository/org/junit/jupiter/junit-jupiter/5.10.2/junit-jupiter-5.10.2.jar:/Users/administrator/.m2/repository/org/junit/jupiter/junit-jupiter-api/5.10.2/junit-jupiter-api-5.10.2.jar:/Users/administrator/.m2/repository/org/opentest4j/opentest4j/1.3.0/opentest4j-1.3.0.jar:/Users/administrator/.m2/repository/org/junit/platform/junit-platform-commons/1.10.2/junit-platform-commons-1.10.2.jar:/Users/administrator/.m2/repository/org/apiguardian/apiguardian-api/1.1.2/apiguardian-api-1.1.2.jar:/Users/administrator/.m2/repository/org/junit/jupiter/junit-jupiter-params/5.10.2/junit-jupiter-params-5.10.2.jar:/Users/administrator/.m2/repository/org/junit/jupiter/junit-jupiter-engine/5.10.2/junit-jupiter-engine-5.10.2.jar:/Users/administrator/.m2/repository/org/junit/platform/junit-platform-engine/1.10.2/junit-platform-engine-1.10.2.jar:/Users/administrator/.m2/repository/org/mockito/mockito-core/5.11.0/mockito-core-5.11.0.jar:/Users/administrator/.m2/repository/net/bytebuddy/byte-buddy-agent/1.14.16/byte-buddy-agent-1.14.16.jar:/Users/administrator/.m2/repository/org/objenesis/objenesis/3.3/objenesis-3.3.jar:/Users/administrator/.m2/repository/org/mockito/mockito-junit-jupiter/5.11.0/mockito-junit-jupiter-5.11.0.jar:/Users/administrator/.m2/repository/org/skyscreamer/jsonassert/1.5.1/jsonassert-1.5.1.jar:/Users/administrator/.m2/repository/com/vaadin/external/google/android-json/0.0.20131108.vaadin1/android-json-0.0.20131108.vaadin1.jar:/Users/administrator/.m2/repository/org/springframework/spring-core/6.1.8/spring-core-6.1.8.jar:/Users/administrator/.m2/repository/org/springframework/spring-jcl/6.1.8/spring-jcl-6.1.8.jar:/Users/administrator/.m2/repository/org/springframework/spring-test/6.1.8/spring-test-6.1.8.jar:/Users/administrator/.m2/repository/org/xmlunit/xmlunit-core/2.9.1/xmlunit-core-2.9.1.jar:/Users/administrator/.m2/repository/org/springframework/boot/spring-boot-starter-data-rest/3.3.0/spring-boot-starter-data-rest-3.3.0.jar:/Users/administrator/.m2/repository/org/springframework/data/spring-data-rest-webmvc/4.3.0/spring-data-rest-webmvc-4.3.0.jar:/Users/administrator/.m2/repository/org/springframework/data/spring-data-rest-core/4.3.0/spring-data-rest-core-4.3.0.jar:/Users/administrator/.m2/repository/org/springframework/hateoas/spring-hateoas/2.3.0/spring-hateoas-2.3.0.jar:/Users/administrator/.m2/repository/org/springframework/plugin/spring-plugin-core/3.0.0/spring-plugin-core-3.0.0.jar:/Users/administrator/.m2/repository/org/atteo/evo-inflector/1.3/evo-inflector-1.3.jar:/Users/administrator/.m2/repository/org/springframework/boot/spring-boot-starter-validation/3.3.0/spring-boot-starter-validation-3.3.0.jar:/Users/administrator/.m2/repository/org/apache/tomcat/embed/tomcat-embed-el/10.1.24/tomcat-embed-el-10.1.24.jar:/Users/administrator/.m2/repository/org/hibernate/validator/hibernate-validator/8.0.1.Final/hibernate-validator-8.0.1.Final.jar:/Users/administrator/.m2/repository/jakarta/validation/jakarta.validation-api/3.0.2/jakarta.validation-api-3.0.2.jar:/Users/administrator/.m2/repository/com/h2database/h2/2.2.224/h2-2.2.224.jar:/Users/administrator/.m2/repository/com/mysql/mysql-connector-j/8.3.0/mysql-connector-j-8.3.0.jar:/Users/administrator/.m2/repository/com/querydsl/querydsl-jpa/5.0.0/querydsl-jpa-5.0.0-jakarta.jar:/Users/administrator/.m2/repository/com/querydsl/querydsl-core/5.1.0/querydsl-core-5.1.0.jar:/Users/administrator/.m2/repository/com/mysema/commons/mysema-commons-lang/0.2.4/mysema-commons-lang-0.2.4.jar:/Users/administrator/.m2/repository/com/querydsl/querydsl-apt/5.0.0/querydsl-apt-5.0.0-jakarta.jar:/Users/administrator/.m2/repository/com/querydsl/querydsl-codegen/5.1.0/querydsl-codegen-5.1.0.jar:/Users/administrator/.m2/repository/com/querydsl/codegen-utils/5.1.0/codegen-utils-5.1.0.jar:/Users/administrator/.m2/repository/org/eclipse/jdt/ecj/3.26.0/ecj-3.26.0.jar:/Users/administrator/.m2/repository/javax/inject/javax.inject/1/javax.inject-1.jar:/Users/administrator/.m2/repository/io/github/classgraph/classgraph/4.8.146/classgraph-4.8.146.jar:/Users/administrator/.m2/repository/jakarta/annotation/jakarta.annotation-api/2.1.1/jakarta.annotation-api-2.1.1.jar:/Users/administrator/.m2/repository/jakarta/persistence/jakarta.persistence-api/3.1.0/jakarta.persistence-api-3.1.0.jar:/Users/administrator/.m2/repository/org/apache/commons/commons-dbcp2/2.12.0/commons-dbcp2-2.12.0.jar:/Users/administrator/.m2/repository/org/apache/commons/commons-pool2/2.12.0/commons-pool2-2.12.0.jar:/Users/administrator/.m2/repository/jakarta/transaction/jakarta.transaction-api/2.0.1/jakarta.transaction-api-2.0.1.jar:/Users/administrator/.m2/repository/org/projectlombok/lombok/1.18.32/lombok-1.18.32.jar:/Users/administrator/.m2/repository/com/fasterxml/jackson/core/jackson-databind/2.17.1/jackson-databind-2.17.1.jar:/Users/administrator/.m2/repository/com/fasterxml/jackson/core/jackson-annotations/2.17.1/jackson-annotations-2.17.1.jar:/Users/administrator/.m2/repository/com/fasterxml/uuid/java-uuid-generator/4.0.1/java-uuid-generator-4.0.1.jar:/Users/administrator/.m2/repository/com/amazonaws/aws-java-sdk-s3/1.12.470/aws-java-sdk-s3-1.12.470.jar:/Users/administrator/.m2/repository/com/amazonaws/aws-java-sdk-kms/1.12.470/aws-java-sdk-kms-1.12.470.jar:/Users/administrator/.m2/repository/com/amazonaws/aws-java-sdk-core/1.12.470/aws-java-sdk-core-1.12.470.jar:/Users/administrator/.m2/repository/commons-logging/commons-logging/1.1.3/commons-logging-1.1.3.jar:/Users/administrator/.m2/repository/software/amazon/ion/ion-java/1.0.2/ion-java-1.0.2.jar:/Users/administrator/.m2/repository/com/fasterxml/jackson/dataformat/jackson-dataformat-cbor/2.17.1/jackson-dataformat-cbor-2.17.1.jar:/Users/administrator/.m2/repository/joda-time/joda-time/2.8.1/joda-time-2.8.1.jar:/Users/administrator/.m2/repository/com/amazonaws/jmespath-java/1.12.470/jmespath-java-1.12.470.jar:"/>
    <property name="sun.cpu.endian" value="little"/>
    <property name="user.home" value="/Users/administrator"/>
    <property name="user.language" value="en"/>
    <property name="java.specification.vendor" value="Oracle Corporation"/>
    <property name="java.version.date" value="2024-01-16"/>
    <property name="java.home" value="/Library/Java/JavaVirtualMachines/temurin-21.jdk/Contents/Home"/>
    <property name="file.separator" value="/"/>
    <property name="basedir" value="/Users/administrator/Documents/nhn/3runner/git-repository/3runner-bookstore"/>
    <property name="java.vm.compressedOopsMode" value="Zero based"/>
    <property name="line.separator" value="&#10;"/>
    <property name="java.vm.specification.vendor" value="Oracle Corporation"/>
    <property name="java.specification.name" value="Java Platform API Specification"/>
    <property name="FILE_LOG_CHARSET" value="UTF-8"/>
    <property name="java.awt.headless" value="true"/>
    <property name="apple.awt.application.name" value="ForkedBooter"/>
    <property name="surefire.real.class.path" value="/Users/administrator/Documents/nhn/3runner/git-repository/3runner-bookstore/target/surefire/surefirebooter-20240624101613105_3.jar"/>
    <property name="sun.management.compiler" value="HotSpot 64-Bit Tiered Compilers"/>
    <property name="ftp.nonProxyHosts" value="local|*.local|169.254/16|*.169.254/16"/>
    <property name="java.runtime.version" value="21.0.2+13-LTS"/>
    <property name="user.name" value="administrator"/>
    <property name="stdout.encoding" value="UTF-8"/>
    <property name="path.separator" value=":"/>
    <property name="os.version" value="14.4.1"/>
    <property name="java.runtime.name" value="OpenJDK Runtime Environment"/>
    <property name="file.encoding" value="UTF-8"/>
    <property name="java.vm.name" value="OpenJDK 64-Bit Server VM"/>
    <property name="java.vendor.version" value="Temurin-21.0.2+13"/>
    <property name="localRepository" value="/Users/administrator/.m2/repository"/>
    <property name="java.vendor.url.bug" value="https://github.com/adoptium/adoptium-support/issues"/>
    <property name="java.io.tmpdir" value="/var/folders/c1/rs_44hf11xv16t5b1nn9bhhm0000gn/T/"/>
    <property name="sonar.token" value="sqp_36996e8e351bfcd8bb949b50c39f4074cafb5f93"/>
    <property name="com.zaxxer.hikari.pool_number" value="2"/>
    <property name="java.version" value="21.0.2"/>
    <property name="user.dir" value="/Users/administrator/Documents/nhn/3runner/git-repository/3runner-bookstore"/>
    <property name="os.arch" value="aarch64"/>
    <property name="java.vm.specification.name" value="Java Virtual Machine Specification"/>
    <property name="PID" value="77710"/>
    <property name="CONSOLE_LOG_CHARSET" value="UTF-8"/>
    <property name="native.encoding" value="UTF-8"/>
    <property name="sonar.projectKey" value="be6-3runner-bookstore-gitaction"/>
    <property name="java.library.path" value="/Users/administrator/Library/Java/Extensions:/Library/Java/Extensions:/Network/Library/Java/Extensions:/System/Library/Java/Extensions:/usr/lib/java:."/>
    <property name="java.vm.info" value="mixed mode"/>
    <property name="stderr.encoding" value="UTF-8"/>
    <property name="java.vendor" value="Eclipse Adoptium"/>
    <property name="java.vm.version" value="21.0.2+13-LTS"/>
    <property name="sun.io.unicode.encoding" value="UnicodeBig"/>
    <property name="socksNonProxyHosts" value="local|*.local|169.254/16|*.169.254/16"/>
    <property name="java.class.version" value="65.0"/>
    <property name="LOGGED_APPLICATION_NAME" value="[3runner-bookstore] "/>
  </properties>
  <testcase name="findPurchasesByMember" classname="com.nhnacademy.bookstore.purchase.purchase.repository.PurchaseRepositoryTest" time="0.652">
    <system-out><![CDATA[2024-06-24T10:16:31.901+09:00  INFO 77710 --- [3runner-bookstore] [           main] t.c.s.AnnotationConfigContextLoaderUtils : Could not detect default configuration classes for test class [com.nhnacademy.bookstore.purchase.purchase.repository.PurchaseRepositoryTest]: PurchaseRepositoryTest does not declare any static, non-private, non-final, nested classes annotated with @Configuration.
2024-06-24T10:16:31.908+09:00  INFO 77710 --- [3runner-bookstore] [           main] .b.t.c.SpringBootTestContextBootstrapper : Found @SpringBootConfiguration com.nhnacademy.bookstore.BookStore for test class com.nhnacademy.bookstore.purchase.purchase.repository.PurchaseRepositoryTest
2024-06-24T10:16:31.929+09:00 TRACE 77710 --- [3runner-bookstore] [           main] o.s.t.i.TransactionInterceptor           : Getting transaction for [com.nhnacademy.bookstore.member.member.service.impl.MemberServiceImpl.save]
2024-06-24T10:16:31.929+09:00 TRACE 77710 --- [3runner-bookstore] [           main] o.s.t.i.TransactionInterceptor           : Getting transaction for [org.springframework.data.jpa.repository.support.SimpleJpaRepository.save]
&amp#27;[35m[Hibernate]&amp#27;[0m 
    /* &amp#27;[34minsert&amp#27;[0m &amp#27;[34mfor&amp#27;[0m
        com.nhnacademy.bookstore.entity.&amp#27;[34mmember&amp#27;[0m.&amp#27;[34mMember&amp#27;[0m */&amp#27;[34minsert&amp#27;[0m 
    &amp#27;[34minto&amp#27;[0m
        &amp#27;[32m`member`&amp#27;[0m (
            age, birthday, created_at, deleted_at, email, grade, last_login_date, modified_at, name, password, phone, point, status
        ) 
    &amp#27;[34mvalues&amp#27;[0m
        (?, ?, ?, ?, ?, ?, ?, ?, ?, ?, ?, ?, ?)
2024-06-24T10:16:31.931+09:00 TRACE 77710 --- [3runner-bookstore] [           main] org.hibernate.orm.jdbc.bind              : binding parameter (1:INTEGER) <- [1]
2024-06-24T10:16:31.931+09:00 TRACE 77710 --- [3runner-bookstore] [           main] org.hibernate.orm.jdbc.bind              : binding parameter (2:TIMESTAMP_UTC) <- [2024-06-24T10:16:31.911736+09:00[Asia/Seoul]]
2024-06-24T10:16:31.931+09:00 TRACE 77710 --- [3runner-bookstore] [           main] org.hibernate.orm.jdbc.bind              : binding parameter (3:TIMESTAMP_UTC) <- [2024-06-24T10:16:31.911761+09:00[Asia/Seoul]]
2024-06-24T10:16:31.931+09:00 TRACE 77710 --- [3runner-bookstore] [           main] org.hibernate.orm.jdbc.bind              : binding parameter (4:TIMESTAMP_UTC) <- [null]
2024-06-24T10:16:31.931+09:00 TRACE 77710 --- [3runner-bookstore] [           main] org.hibernate.orm.jdbc.bind              : binding parameter (5:VARCHAR) <- [dfdaf@nav.com]
2024-06-24T10:16:31.931+09:00 TRACE 77710 --- [3runner-bookstore] [           main] org.hibernate.orm.jdbc.bind              : binding parameter (6:TINYINT) <- [General]
2024-06-24T10:16:31.931+09:00 TRACE 77710 --- [3runner-bookstore] [           main] org.hibernate.orm.jdbc.bind              : binding parameter (7:TIMESTAMP_UTC) <- [null]
2024-06-24T10:16:31.931+09:00 TRACE 77710 --- [3runner-bookstore] [           main] org.hibernate.orm.jdbc.bind              : binding parameter (8:TIMESTAMP_UTC) <- [null]
2024-06-24T10:16:31.931+09:00 TRACE 77710 --- [3runner-bookstore] [           main] org.hibernate.orm.jdbc.bind              : binding parameter (9:VARCHAR) <- [1]
2024-06-24T10:16:31.931+09:00 TRACE 77710 --- [3runner-bookstore] [           main] org.hibernate.orm.jdbc.bind              : binding parameter (10:VARCHAR) <- [1]
2024-06-24T10:16:31.931+09:00 TRACE 77710 --- [3runner-bookstore] [           main] org.hibernate.orm.jdbc.bind              : binding parameter (11:VARCHAR) <- [1]
2024-06-24T10:16:31.931+09:00 TRACE 77710 --- [3runner-bookstore] [           main] org.hibernate.orm.jdbc.bind              : binding parameter (12:BIGINT) <- [5000]
2024-06-24T10:16:31.931+09:00 TRACE 77710 --- [3runner-bookstore] [           main] org.hibernate.orm.jdbc.bind              : binding parameter (13:TINYINT) <- [Active]
2024-06-24T10:16:31.943+09:00 TRACE 77710 --- [3runner-bookstore] [           main] o.s.t.i.TransactionInterceptor           : Completing transaction for [org.springframework.data.jpa.repository.support.SimpleJpaRepository.save]
2024-06-24T10:16:31.943+09:00 TRACE 77710 --- [3runner-bookstore] [           main] o.s.t.i.TransactionInterceptor           : Completing transaction for [com.nhnacademy.bookstore.member.member.service.impl.MemberServiceImpl.save]
2024-06-24T10:16:31.972+09:00 TRACE 77710 --- [3runner-bookstore] [           main] o.s.t.i.TransactionInterceptor           : Getting transaction for [com.nhnacademy.bookstore.member.member.service.impl.MemberServiceImpl.save]
2024-06-24T10:16:31.972+09:00 TRACE 77710 --- [3runner-bookstore] [           main] o.s.t.i.TransactionInterceptor           : Getting transaction for [org.springframework.data.jpa.repository.support.SimpleJpaRepository.save]
&amp#27;[35m[Hibernate]&amp#27;[0m 
    /* &amp#27;[34minsert&amp#27;[0m &amp#27;[34mfor&amp#27;[0m
        com.nhnacademy.bookstore.entity.&amp#27;[34mmember&amp#27;[0m.&amp#27;[34mMember&amp#27;[0m */&amp#27;[34minsert&amp#27;[0m 
    &amp#27;[34minto&amp#27;[0m
        &amp#27;[32m`member`&amp#27;[0m (
            age, birthday, created_at, deleted_at, email, grade, last_login_date, modified_at, name, password, phone, point, status
        ) 
    &amp#27;[34mvalues&amp#27;[0m
        (?, ?, ?, ?, ?, ?, ?, ?, ?, ?, ?, ?, ?)
2024-06-24T10:16:31.973+09:00 TRACE 77710 --- [3runner-bookstore] [           main] org.hibernate.orm.jdbc.bind              : binding parameter (1:INTEGER) <- [1]
2024-06-24T10:16:31.973+09:00 TRACE 77710 --- [3runner-bookstore] [           main] org.hibernate.orm.jdbc.bind              : binding parameter (2:TIMESTAMP_UTC) <- [2024-06-24T10:16:31.911764+09:00[Asia/Seoul]]
2024-06-24T10:16:31.973+09:00 TRACE 77710 --- [3runner-bookstore] [           main] org.hibernate.orm.jdbc.bind              : binding parameter (3:TIMESTAMP_UTC) <- [2024-06-24T10:16:31.911767+09:00[Asia/Seoul]]
2024-06-24T10:16:31.973+09:00 TRACE 77710 --- [3runner-bookstore] [           main] org.hibernate.orm.jdbc.bind              : binding parameter (4:TIMESTAMP_UTC) <- [null]
2024-06-24T10:16:31.973+09:00 TRACE 77710 --- [3runner-bookstore] [           main] org.hibernate.orm.jdbc.bind              : binding parameter (5:VARCHAR) <- [dfdadf@nav.com]
2024-06-24T10:16:31.973+09:00 TRACE 77710 --- [3runner-bookstore] [           main] org.hibernate.orm.jdbc.bind              : binding parameter (6:TINYINT) <- [General]
2024-06-24T10:16:31.973+09:00 TRACE 77710 --- [3runner-bookstore] [           main] org.hibernate.orm.jdbc.bind              : binding parameter (7:TIMESTAMP_UTC) <- [null]
2024-06-24T10:16:31.973+09:00 TRACE 77710 --- [3runner-bookstore] [           main] org.hibernate.orm.jdbc.bind              : binding parameter (8:TIMESTAMP_UTC) <- [null]
2024-06-24T10:16:31.973+09:00 TRACE 77710 --- [3runner-bookstore] [           main] org.hibernate.orm.jdbc.bind              : binding parameter (9:VARCHAR) <- [1]
2024-06-24T10:16:31.973+09:00 TRACE 77710 --- [3runner-bookstore] [           main] org.hibernate.orm.jdbc.bind              : binding parameter (10:VARCHAR) <- [1]
2024-06-24T10:16:31.973+09:00 TRACE 77710 --- [3runner-bookstore] [           main] org.hibernate.orm.jdbc.bind              : binding parameter (11:VARCHAR) <- [1]
2024-06-24T10:16:31.973+09:00 TRACE 77710 --- [3runner-bookstore] [           main] org.hibernate.orm.jdbc.bind              : binding parameter (12:BIGINT) <- [5000]
2024-06-24T10:16:31.973+09:00 TRACE 77710 --- [3runner-bookstore] [           main] org.hibernate.orm.jdbc.bind              : binding parameter (13:TINYINT) <- [Active]
2024-06-24T10:16:31.983+09:00 TRACE 77710 --- [3runner-bookstore] [           main] o.s.t.i.TransactionInterceptor           : Completing transaction for [org.springframework.data.jpa.repository.support.SimpleJpaRepository.save]
2024-06-24T10:16:31.983+09:00 TRACE 77710 --- [3runner-bookstore] [           main] o.s.t.i.TransactionInterceptor           : Completing transaction for [com.nhnacademy.bookstore.member.member.service.impl.MemberServiceImpl.save]
2024-06-24T10:16:32.011+09:00 TRACE 77710 --- [3runner-bookstore] [           main] o.s.t.i.TransactionInterceptor           : Getting transaction for [org.springframework.data.jpa.repository.support.SimpleJpaRepository.save]
&amp#27;[35m[Hibernate]&amp#27;[0m 
    &amp#27;[34mselect&amp#27;[0m
        p1_0.id,
        p1_0.created_at,
        p1_0.delivery_price,
        m1_0.id,
        m1_0.age,
        m1_0.birthday,
        m1_0.created_at,
        m1_0.deleted_at,
        m1_0.email,
        m1_0.grade,
        m1_0.last_login_date,
        m1_0.modified_at,
        m1_0.name,
        m1_0.password,
        m1_0.phone,
        m1_0.point,
        m1_0.status,
        al1_0.&amp#27;[32m`member_id`&amp#27;[0m,
        al1_0.id,
        al1_0.city,
        al1_0.country,
        al1_0.name,
        al1_0.postal_code,
        al1_0.road,
        al1_0.state,
        p1_0.member_type,
        p1_0.order_number,
        p1_0.password,
        pr1_0.id,
        pr1_0.content,
        pr1_0.created_at,
        pr1_0.&amp#27;[32m`member_id`&amp#27;[0m,
        m3_0.id,
        m3_0.age,
        m3_0.birthday,
        m3_0.created_at,
        m3_0.deleted_at,
        m3_0.email,
        m3_0.grade,
        m3_0.last_login_date,
        m3_0.modified_at,
        m3_0.name,
        m3_0.password,
        m3_0.phone,
        m3_0.point,
        m3_0.status,
        pr1_0.member_point,
        pr1_0.remnant_point,
        p1_0.road,
        p1_0.status,
        p1_0.total_price 
    &amp#27;[34mfrom&amp#27;[0m
        purchase p1_0 
    &amp#27;[34mleft&amp#27;[0m &amp#27;[34mjoin&amp#27;[0m
        &amp#27;[32m`member`&amp#27;[0m m1_0 
            &amp#27;[34mon&amp#27;[0m m1_0.id=p1_0.&amp#27;[32m`member_id`&amp#27;[0m 
    &amp#27;[34mleft&amp#27;[0m &amp#27;[34mjoin&amp#27;[0m
        address al1_0 
            &amp#27;[34mon&amp#27;[0m m1_0.id=al1_0.&amp#27;[32m`member_id`&amp#27;[0m 
    &amp#27;[34mleft&amp#27;[0m &amp#27;[34mjoin&amp#27;[0m
        point_record pr1_0 
            &amp#27;[34mon&amp#27;[0m pr1_0.id=p1_0.point_record_id 
    &amp#27;[34mleft&amp#27;[0m &amp#27;[34mjoin&amp#27;[0m
        &amp#27;[32m`member`&amp#27;[0m m3_0 
            &amp#27;[34mon&amp#27;[0m m3_0.id=pr1_0.&amp#27;[32m`member_id`&amp#27;[0m 
    &amp#27;[34mwhere&amp#27;[0m
        p1_0.id=?
2024-06-24T10:16:32.020+09:00 TRACE 77710 --- [3runner-bookstore] [           main] org.hibernate.orm.jdbc.bind              : binding parameter (1:BIGINT) <- [1]
&amp#27;[35m[Hibernate]&amp#27;[0m 
    &amp#27;[34mselect&amp#27;[0m
        m1_0.id,
        m1_0.age,
        m1_0.birthday,
        m1_0.created_at,
        m1_0.deleted_at,
        m1_0.email,
        m1_0.grade,
        m1_0.last_login_date,
        m1_0.modified_at,
        m1_0.name,
        m1_0.password,
        m1_0.phone,
        m1_0.point,
        m1_0.status 
    &amp#27;[34mfrom&amp#27;[0m
        &amp#27;[32m`member`&amp#27;[0m m1_0 
    &amp#27;[34mwhere&amp#27;[0m
        m1_0.id=?
2024-06-24T10:16:32.030+09:00 TRACE 77710 --- [3runner-bookstore] [           main] org.hibernate.orm.jdbc.bind              : binding parameter (1:BIGINT) <- [358]
&amp#27;[35m[Hibernate]&amp#27;[0m 
    /* &amp#27;[34minsert&amp#27;[0m &amp#27;[34mfor&amp#27;[0m
        com.nhnacademy.bookstore.entity.purchase.Purchase */&amp#27;[34minsert&amp#27;[0m 
    &amp#27;[34minto&amp#27;[0m
        purchase (created_at, delivery_price, &amp#27;[32m`member_id`&amp#27;[0m, member_type, order_number, password, point_record_id, road, status, total_price) 
    &amp#27;[34mvalues&amp#27;[0m
        (?, ?, ?, ?, ?, ?, ?, ?, ?, ?)
2024-06-24T10:16:32.043+09:00 TRACE 77710 --- [3runner-bookstore] [           main] org.hibernate.orm.jdbc.bind              : binding parameter (1:TIMESTAMP_UTC) <- [2024-06-24T10:16:32.003073+09:00[Asia/Seoul]]
2024-06-24T10:16:32.043+09:00 TRACE 77710 --- [3runner-bookstore] [           main] org.hibernate.orm.jdbc.bind              : binding parameter (2:INTEGER) <- [100]
2024-06-24T10:16:32.043+09:00 TRACE 77710 --- [3runner-bookstore] [           main] org.hibernate.orm.jdbc.bind              : binding parameter (3:BIGINT) <- [358]
2024-06-24T10:16:32.043+09:00 TRACE 77710 --- [3runner-bookstore] [           main] org.hibernate.orm.jdbc.bind              : binding parameter (4:TINYINT) <- [MEMBER]
2024-06-24T10:16:32.043+09:00 TRACE 77710 --- [3runner-bookstore] [           main] org.hibernate.orm.jdbc.bind              : binding parameter (5:BINARY) <- [7169f000-6501-443c-a9fd-a9a730c92532]
2024-06-24T10:16:32.043+09:00 TRACE 77710 --- [3runner-bookstore] [           main] org.hibernate.orm.jdbc.bind              : binding parameter (6:VARCHAR) <- [password]
2024-06-24T10:16:32.043+09:00 TRACE 77710 --- [3runner-bookstore] [           main] org.hibernate.orm.jdbc.bind              : binding parameter (7:BIGINT) <- [null]
2024-06-24T10:16:32.043+09:00 TRACE 77710 --- [3runner-bookstore] [           main] org.hibernate.orm.jdbc.bind              : binding parameter (8:VARCHAR) <- [road]
2024-06-24T10:16:32.043+09:00 TRACE 77710 --- [3runner-bookstore] [           main] org.hibernate.orm.jdbc.bind              : binding parameter (9:TINYINT) <- [SHIPPED]
2024-06-24T10:16:32.043+09:00 TRACE 77710 --- [3runner-bookstore] [           main] org.hibernate.orm.jdbc.bind              : binding parameter (10:INTEGER) <- [10]
2024-06-24T10:16:32.055+09:00 TRACE 77710 --- [3runner-bookstore] [           main] o.s.t.i.TransactionInterceptor           : Completing transaction for [org.springframework.data.jpa.repository.support.SimpleJpaRepository.save]
2024-06-24T10:16:32.087+09:00 TRACE 77710 --- [3runner-bookstore] [           main] o.s.t.i.TransactionInterceptor           : Getting transaction for [org.springframework.data.jpa.repository.support.SimpleJpaRepository.save]
&amp#27;[35m[Hibernate]&amp#27;[0m 
    &amp#27;[34mselect&amp#27;[0m
        p1_0.id,
        p1_0.created_at,
        p1_0.delivery_price,
        m1_0.id,
        m1_0.age,
        m1_0.birthday,
        m1_0.created_at,
        m1_0.deleted_at,
        m1_0.email,
        m1_0.grade,
        m1_0.last_login_date,
        m1_0.modified_at,
        m1_0.name,
        m1_0.password,
        m1_0.phone,
        m1_0.point,
        m1_0.status,
        al1_0.&amp#27;[32m`member_id`&amp#27;[0m,
        al1_0.id,
        al1_0.city,
        al1_0.country,
        al1_0.name,
        al1_0.postal_code,
        al1_0.road,
        al1_0.state,
        p1_0.member_type,
        p1_0.order_number,
        p1_0.password,
        pr1_0.id,
        pr1_0.content,
        pr1_0.created_at,
        pr1_0.&amp#27;[32m`member_id`&amp#27;[0m,
        m3_0.id,
        m3_0.age,
        m3_0.birthday,
        m3_0.created_at,
        m3_0.deleted_at,
        m3_0.email,
        m3_0.grade,
        m3_0.last_login_date,
        m3_0.modified_at,
        m3_0.name,
        m3_0.password,
        m3_0.phone,
        m3_0.point,
        m3_0.status,
        pr1_0.member_point,
        pr1_0.remnant_point,
        p1_0.road,
        p1_0.status,
        p1_0.total_price 
    &amp#27;[34mfrom&amp#27;[0m
        purchase p1_0 
    &amp#27;[34mleft&amp#27;[0m &amp#27;[34mjoin&amp#27;[0m
        &amp#27;[32m`member`&amp#27;[0m m1_0 
            &amp#27;[34mon&amp#27;[0m m1_0.id=p1_0.&amp#27;[32m`member_id`&amp#27;[0m 
    &amp#27;[34mleft&amp#27;[0m &amp#27;[34mjoin&amp#27;[0m
        address al1_0 
            &amp#27;[34mon&amp#27;[0m m1_0.id=al1_0.&amp#27;[32m`member_id`&amp#27;[0m 
    &amp#27;[34mleft&amp#27;[0m &amp#27;[34mjoin&amp#27;[0m
        point_record pr1_0 
            &amp#27;[34mon&amp#27;[0m pr1_0.id=p1_0.point_record_id 
    &amp#27;[34mleft&amp#27;[0m &amp#27;[34mjoin&amp#27;[0m
        &amp#27;[32m`member`&amp#27;[0m m3_0 
            &amp#27;[34mon&amp#27;[0m m3_0.id=pr1_0.&amp#27;[32m`member_id`&amp#27;[0m 
    &amp#27;[34mwhere&amp#27;[0m
        p1_0.id=?
2024-06-24T10:16:32.087+09:00 TRACE 77710 --- [3runner-bookstore] [           main] org.hibernate.orm.jdbc.bind              : binding parameter (1:BIGINT) <- [2]
&amp#27;[35m[Hibernate]&amp#27;[0m 
    &amp#27;[34mselect&amp#27;[0m
        m1_0.id,
        m1_0.age,
        m1_0.birthday,
        m1_0.created_at,
        m1_0.deleted_at,
        m1_0.email,
        m1_0.grade,
        m1_0.last_login_date,
        m1_0.modified_at,
        m1_0.name,
        m1_0.password,
        m1_0.phone,
        m1_0.point,
        m1_0.status 
    &amp#27;[34mfrom&amp#27;[0m
        &amp#27;[32m`member`&amp#27;[0m m1_0 
    &amp#27;[34mwhere&amp#27;[0m
        m1_0.id=?
2024-06-24T10:16:32.099+09:00 TRACE 77710 --- [3runner-bookstore] [           main] org.hibernate.orm.jdbc.bind              : binding parameter (1:BIGINT) <- [358]
&amp#27;[35m[Hibernate]&amp#27;[0m 
    /* &amp#27;[34minsert&amp#27;[0m &amp#27;[34mfor&amp#27;[0m
        com.nhnacademy.bookstore.entity.purchase.Purchase */&amp#27;[34minsert&amp#27;[0m 
    &amp#27;[34minto&amp#27;[0m
        purchase (created_at, delivery_price, &amp#27;[32m`member_id`&amp#27;[0m, member_type, order_number, password, point_record_id, road, status, total_price) 
    &amp#27;[34mvalues&amp#27;[0m
        (?, ?, ?, ?, ?, ?, ?, ?, ?, ?)
2024-06-24T10:16:32.110+09:00 TRACE 77710 --- [3runner-bookstore] [           main] org.hibernate.orm.jdbc.bind              : binding parameter (1:TIMESTAMP_UTC) <- [2024-06-24T10:16:32.003093+09:00[Asia/Seoul]]
2024-06-24T10:16:32.110+09:00 TRACE 77710 --- [3runner-bookstore] [           main] org.hibernate.orm.jdbc.bind              : binding parameter (2:INTEGER) <- [100]
2024-06-24T10:16:32.110+09:00 TRACE 77710 --- [3runner-bookstore] [           main] org.hibernate.orm.jdbc.bind              : binding parameter (3:BIGINT) <- [358]
2024-06-24T10:16:32.110+09:00 TRACE 77710 --- [3runner-bookstore] [           main] org.hibernate.orm.jdbc.bind              : binding parameter (4:TINYINT) <- [MEMBER]
2024-06-24T10:16:32.110+09:00 TRACE 77710 --- [3runner-bookstore] [           main] org.hibernate.orm.jdbc.bind              : binding parameter (5:BINARY) <- [0acf5cbb-9bc2-4912-8168-5ee158795309]
2024-06-24T10:16:32.110+09:00 TRACE 77710 --- [3runner-bookstore] [           main] org.hibernate.orm.jdbc.bind              : binding parameter (6:VARCHAR) <- [password]
2024-06-24T10:16:32.110+09:00 TRACE 77710 --- [3runner-bookstore] [           main] org.hibernate.orm.jdbc.bind              : binding parameter (7:BIGINT) <- [null]
2024-06-24T10:16:32.110+09:00 TRACE 77710 --- [3runner-bookstore] [           main] org.hibernate.orm.jdbc.bind              : binding parameter (8:VARCHAR) <- [road]
2024-06-24T10:16:32.110+09:00 TRACE 77710 --- [3runner-bookstore] [           main] org.hibernate.orm.jdbc.bind              : binding parameter (9:TINYINT) <- [SHIPPED]
2024-06-24T10:16:32.110+09:00 TRACE 77710 --- [3runner-bookstore] [           main] org.hibernate.orm.jdbc.bind              : binding parameter (10:INTEGER) <- [10]
2024-06-24T10:16:32.120+09:00 TRACE 77710 --- [3runner-bookstore] [           main] o.s.t.i.TransactionInterceptor           : Completing transaction for [org.springframework.data.jpa.repository.support.SimpleJpaRepository.save]
2024-06-24T10:16:32.148+09:00 TRACE 77710 --- [3runner-bookstore] [           main] o.s.t.i.TransactionInterceptor           : Getting transaction for [org.springframework.data.jpa.repository.support.SimpleJpaRepository.save]
&amp#27;[35m[Hibernate]&amp#27;[0m 
    &amp#27;[34mselect&amp#27;[0m
        p1_0.id,
        p1_0.created_at,
        p1_0.delivery_price,
        m1_0.id,
        m1_0.age,
        m1_0.birthday,
        m1_0.created_at,
        m1_0.deleted_at,
        m1_0.email,
        m1_0.grade,
        m1_0.last_login_date,
        m1_0.modified_at,
        m1_0.name,
        m1_0.password,
        m1_0.phone,
        m1_0.point,
        m1_0.status,
        al1_0.&amp#27;[32m`member_id`&amp#27;[0m,
        al1_0.id,
        al1_0.city,
        al1_0.country,
        al1_0.name,
        al1_0.postal_code,
        al1_0.road,
        al1_0.state,
        p1_0.member_type,
        p1_0.order_number,
        p1_0.password,
        pr1_0.id,
        pr1_0.content,
        pr1_0.created_at,
        pr1_0.&amp#27;[32m`member_id`&amp#27;[0m,
        m3_0.id,
        m3_0.age,
        m3_0.birthday,
        m3_0.created_at,
        m3_0.deleted_at,
        m3_0.email,
        m3_0.grade,
        m3_0.last_login_date,
        m3_0.modified_at,
        m3_0.name,
        m3_0.password,
        m3_0.phone,
        m3_0.point,
        m3_0.status,
        pr1_0.member_point,
        pr1_0.remnant_point,
        p1_0.road,
        p1_0.status,
        p1_0.total_price 
    &amp#27;[34mfrom&amp#27;[0m
        purchase p1_0 
    &amp#27;[34mleft&amp#27;[0m &amp#27;[34mjoin&amp#27;[0m
        &amp#27;[32m`member`&amp#27;[0m m1_0 
            &amp#27;[34mon&amp#27;[0m m1_0.id=p1_0.&amp#27;[32m`member_id`&amp#27;[0m 
    &amp#27;[34mleft&amp#27;[0m &amp#27;[34mjoin&amp#27;[0m
        address al1_0 
            &amp#27;[34mon&amp#27;[0m m1_0.id=al1_0.&amp#27;[32m`member_id`&amp#27;[0m 
    &amp#27;[34mleft&amp#27;[0m &amp#27;[34mjoin&amp#27;[0m
        point_record pr1_0 
            &amp#27;[34mon&amp#27;[0m pr1_0.id=p1_0.point_record_id 
    &amp#27;[34mleft&amp#27;[0m &amp#27;[34mjoin&amp#27;[0m
        &amp#27;[32m`member`&amp#27;[0m m3_0 
            &amp#27;[34mon&amp#27;[0m m3_0.id=pr1_0.&amp#27;[32m`member_id`&amp#27;[0m 
    &amp#27;[34mwhere&amp#27;[0m
        p1_0.id=?
2024-06-24T10:16:32.149+09:00 TRACE 77710 --- [3runner-bookstore] [           main] org.hibernate.orm.jdbc.bind              : binding parameter (1:BIGINT) <- [3]
&amp#27;[35m[Hibernate]&amp#27;[0m 
    &amp#27;[34mselect&amp#27;[0m
        m1_0.id,
        m1_0.age,
        m1_0.birthday,
        m1_0.created_at,
        m1_0.deleted_at,
        m1_0.email,
        m1_0.grade,
        m1_0.last_login_date,
        m1_0.modified_at,
        m1_0.name,
        m1_0.password,
        m1_0.phone,
        m1_0.point,
        m1_0.status 
    &amp#27;[34mfrom&amp#27;[0m
        &amp#27;[32m`member`&amp#27;[0m m1_0 
    &amp#27;[34mwhere&amp#27;[0m
        m1_0.id=?
2024-06-24T10:16:32.158+09:00 TRACE 77710 --- [3runner-bookstore] [           main] org.hibernate.orm.jdbc.bind              : binding parameter (1:BIGINT) <- [358]
&amp#27;[35m[Hibernate]&amp#27;[0m 
    /* &amp#27;[34minsert&amp#27;[0m &amp#27;[34mfor&amp#27;[0m
        com.nhnacademy.bookstore.entity.purchase.Purchase */&amp#27;[34minsert&amp#27;[0m 
    &amp#27;[34minto&amp#27;[0m
        purchase (created_at, delivery_price, &amp#27;[32m`member_id`&amp#27;[0m, member_type, order_number, password, point_record_id, road, status, total_price) 
    &amp#27;[34mvalues&amp#27;[0m
        (?, ?, ?, ?, ?, ?, ?, ?, ?, ?)
2024-06-24T10:16:32.169+09:00 TRACE 77710 --- [3runner-bookstore] [           main] org.hibernate.orm.jdbc.bind              : binding parameter (1:TIMESTAMP_UTC) <- [2024-06-24T10:16:32.003097+09:00[Asia/Seoul]]
2024-06-24T10:16:32.169+09:00 TRACE 77710 --- [3runner-bookstore] [           main] org.hibernate.orm.jdbc.bind              : binding parameter (2:INTEGER) <- [100]
2024-06-24T10:16:32.169+09:00 TRACE 77710 --- [3runner-bookstore] [           main] org.hibernate.orm.jdbc.bind              : binding parameter (3:BIGINT) <- [358]
2024-06-24T10:16:32.169+09:00 TRACE 77710 --- [3runner-bookstore] [           main] org.hibernate.orm.jdbc.bind              : binding parameter (4:TINYINT) <- [MEMBER]
2024-06-24T10:16:32.169+09:00 TRACE 77710 --- [3runner-bookstore] [           main] org.hibernate.orm.jdbc.bind              : binding parameter (5:BINARY) <- [d12b097b-4411-47df-bcf6-142cae4b5876]
2024-06-24T10:16:32.169+09:00 TRACE 77710 --- [3runner-bookstore] [           main] org.hibernate.orm.jdbc.bind              : binding parameter (6:VARCHAR) <- [password]
2024-06-24T10:16:32.169+09:00 TRACE 77710 --- [3runner-bookstore] [           main] org.hibernate.orm.jdbc.bind              : binding parameter (7:BIGINT) <- [null]
2024-06-24T10:16:32.169+09:00 TRACE 77710 --- [3runner-bookstore] [           main] org.hibernate.orm.jdbc.bind              : binding parameter (8:VARCHAR) <- [road]
2024-06-24T10:16:32.169+09:00 TRACE 77710 --- [3runner-bookstore] [           main] org.hibernate.orm.jdbc.bind              : binding parameter (9:TINYINT) <- [SHIPPED]
2024-06-24T10:16:32.169+09:00 TRACE 77710 --- [3runner-bookstore] [           main] org.hibernate.orm.jdbc.bind              : binding parameter (10:INTEGER) <- [10]
2024-06-24T10:16:32.179+09:00 TRACE 77710 --- [3runner-bookstore] [           main] o.s.t.i.TransactionInterceptor           : Completing transaction for [org.springframework.data.jpa.repository.support.SimpleJpaRepository.save]
2024-06-24T10:16:32.208+09:00 TRACE 77710 --- [3runner-bookstore] [           main] o.s.t.i.TransactionInterceptor           : Getting transaction for [org.springframework.data.jpa.repository.support.SimpleJpaRepository.save]
&amp#27;[35m[Hibernate]&amp#27;[0m 
    &amp#27;[34mselect&amp#27;[0m
        p1_0.id,
        p1_0.created_at,
        p1_0.delivery_price,
        m1_0.id,
        m1_0.age,
        m1_0.birthday,
        m1_0.created_at,
        m1_0.deleted_at,
        m1_0.email,
        m1_0.grade,
        m1_0.last_login_date,
        m1_0.modified_at,
        m1_0.name,
        m1_0.password,
        m1_0.phone,
        m1_0.point,
        m1_0.status,
        al1_0.&amp#27;[32m`member_id`&amp#27;[0m,
        al1_0.id,
        al1_0.city,
        al1_0.country,
        al1_0.name,
        al1_0.postal_code,
        al1_0.road,
        al1_0.state,
        p1_0.member_type,
        p1_0.order_number,
        p1_0.password,
        pr1_0.id,
        pr1_0.content,
        pr1_0.created_at,
        pr1_0.&amp#27;[32m`member_id`&amp#27;[0m,
        m3_0.id,
        m3_0.age,
        m3_0.birthday,
        m3_0.created_at,
        m3_0.deleted_at,
        m3_0.email,
        m3_0.grade,
        m3_0.last_login_date,
        m3_0.modified_at,
        m3_0.name,
        m3_0.password,
        m3_0.phone,
        m3_0.point,
        m3_0.status,
        pr1_0.member_point,
        pr1_0.remnant_point,
        p1_0.road,
        p1_0.status,
        p1_0.total_price 
    &amp#27;[34mfrom&amp#27;[0m
        purchase p1_0 
    &amp#27;[34mleft&amp#27;[0m &amp#27;[34mjoin&amp#27;[0m
        &amp#27;[32m`member`&amp#27;[0m m1_0 
            &amp#27;[34mon&amp#27;[0m m1_0.id=p1_0.&amp#27;[32m`member_id`&amp#27;[0m 
    &amp#27;[34mleft&amp#27;[0m &amp#27;[34mjoin&amp#27;[0m
        address al1_0 
            &amp#27;[34mon&amp#27;[0m m1_0.id=al1_0.&amp#27;[32m`member_id`&amp#27;[0m 
    &amp#27;[34mleft&amp#27;[0m &amp#27;[34mjoin&amp#27;[0m
        point_record pr1_0 
            &amp#27;[34mon&amp#27;[0m pr1_0.id=p1_0.point_record_id 
    &amp#27;[34mleft&amp#27;[0m &amp#27;[34mjoin&amp#27;[0m
        &amp#27;[32m`member`&amp#27;[0m m3_0 
            &amp#27;[34mon&amp#27;[0m m3_0.id=pr1_0.&amp#27;[32m`member_id`&amp#27;[0m 
    &amp#27;[34mwhere&amp#27;[0m
        p1_0.id=?
2024-06-24T10:16:32.209+09:00 TRACE 77710 --- [3runner-bookstore] [           main] org.hibernate.orm.jdbc.bind              : binding parameter (1:BIGINT) <- [4]
&amp#27;[35m[Hibernate]&amp#27;[0m 
    &amp#27;[34mselect&amp#27;[0m
        m1_0.id,
        m1_0.age,
        m1_0.birthday,
        m1_0.created_at,
        m1_0.deleted_at,
        m1_0.email,
        m1_0.grade,
        m1_0.last_login_date,
        m1_0.modified_at,
        m1_0.name,
        m1_0.password,
        m1_0.phone,
        m1_0.point,
        m1_0.status 
    &amp#27;[34mfrom&amp#27;[0m
        &amp#27;[32m`member`&amp#27;[0m m1_0 
    &amp#27;[34mwhere&amp#27;[0m
        m1_0.id=?
2024-06-24T10:16:32.220+09:00 TRACE 77710 --- [3runner-bookstore] [           main] org.hibernate.orm.jdbc.bind              : binding parameter (1:BIGINT) <- [359]
&amp#27;[35m[Hibernate]&amp#27;[0m 
    /* &amp#27;[34minsert&amp#27;[0m &amp#27;[34mfor&amp#27;[0m
        com.nhnacademy.bookstore.entity.purchase.Purchase */&amp#27;[34minsert&amp#27;[0m 
    &amp#27;[34minto&amp#27;[0m
        purchase (created_at, delivery_price, &amp#27;[32m`member_id`&amp#27;[0m, member_type, order_number, password, point_record_id, road, status, total_price) 
    &amp#27;[34mvalues&amp#27;[0m
        (?, ?, ?, ?, ?, ?, ?, ?, ?, ?)
2024-06-24T10:16:32.230+09:00 TRACE 77710 --- [3runner-bookstore] [           main] org.hibernate.orm.jdbc.bind              : binding parameter (1:TIMESTAMP_UTC) <- [2024-06-24T10:16:32.003099+09:00[Asia/Seoul]]
2024-06-24T10:16:32.230+09:00 TRACE 77710 --- [3runner-bookstore] [           main] org.hibernate.orm.jdbc.bind              : binding parameter (2:INTEGER) <- [100]
2024-06-24T10:16:32.230+09:00 TRACE 77710 --- [3runner-bookstore] [           main] org.hibernate.orm.jdbc.bind              : binding parameter (3:BIGINT) <- [359]
2024-06-24T10:16:32.230+09:00 TRACE 77710 --- [3runner-bookstore] [           main] org.hibernate.orm.jdbc.bind              : binding parameter (4:TINYINT) <- [MEMBER]
2024-06-24T10:16:32.230+09:00 TRACE 77710 --- [3runner-bookstore] [           main] org.hibernate.orm.jdbc.bind              : binding parameter (5:BINARY) <- [01e35bcc-d44a-4608-bbce-0bdac0c36d15]
2024-06-24T10:16:32.230+09:00 TRACE 77710 --- [3runner-bookstore] [           main] org.hibernate.orm.jdbc.bind              : binding parameter (6:VARCHAR) <- [password]
2024-06-24T10:16:32.230+09:00 TRACE 77710 --- [3runner-bookstore] [           main] org.hibernate.orm.jdbc.bind              : binding parameter (7:BIGINT) <- [null]
2024-06-24T10:16:32.230+09:00 TRACE 77710 --- [3runner-bookstore] [           main] org.hibernate.orm.jdbc.bind              : binding parameter (8:VARCHAR) <- [road]
2024-06-24T10:16:32.230+09:00 TRACE 77710 --- [3runner-bookstore] [           main] org.hibernate.orm.jdbc.bind              : binding parameter (9:TINYINT) <- [SHIPPED]
2024-06-24T10:16:32.230+09:00 TRACE 77710 --- [3runner-bookstore] [           main] org.hibernate.orm.jdbc.bind              : binding parameter (10:INTEGER) <- [10]
2024-06-24T10:16:32.240+09:00 TRACE 77710 --- [3runner-bookstore] [           main] o.s.t.i.TransactionInterceptor           : Completing transaction for [org.springframework.data.jpa.repository.support.SimpleJpaRepository.save]
2024-06-24T10:16:32.270+09:00 TRACE 77710 --- [3runner-bookstore] [           main] o.s.t.i.TransactionInterceptor           : Getting transaction for [com.nhnacademy.bookstore.member.member.service.impl.MemberServiceImpl.getPurchasesByMemberId]
2024-06-24T10:16:32.270+09:00 TRACE 77710 --- [3runner-bookstore] [           main] o.s.t.i.TransactionInterceptor           : Getting transaction for [org.springframework.data.jpa.repository.support.SimpleJpaRepository.findById]
&amp#27;[35m[Hibernate]&amp#27;[0m 
    &amp#27;[34mselect&amp#27;[0m
        m1_0.id,
        m1_0.age,
        m1_0.birthday,
        m1_0.created_at,
        m1_0.deleted_at,
        m1_0.email,
        m1_0.grade,
        m1_0.last_login_date,
        m1_0.modified_at,
        m1_0.name,
        m1_0.password,
        m1_0.phone,
        m1_0.point,
        m1_0.status 
    &amp#27;[34mfrom&amp#27;[0m
        &amp#27;[32m`member`&amp#27;[0m m1_0 
    &amp#27;[34mwhere&amp#27;[0m
        m1_0.id=?
2024-06-24T10:16:32.271+09:00 TRACE 77710 --- [3runner-bookstore] [           main] org.hibernate.orm.jdbc.bind              : binding parameter (1:BIGINT) <- [358]
2024-06-24T10:16:32.281+09:00 TRACE 77710 --- [3runner-bookstore] [           main] o.s.t.i.TransactionInterceptor           : Completing transaction for [org.springframework.data.jpa.repository.support.SimpleJpaRepository.findById]
2024-06-24T10:16:32.281+09:00 TRACE 77710 --- [3runner-bookstore] [           main] o.s.t.i.TransactionInterceptor           : No need to create transaction for [org.springframework.data.jpa.repository.support.SimpleJpaRepository.findByMember]: This method is not transactional.
&amp#27;[35m[Hibernate]&amp#27;[0m 
    /* <criteria> */ &amp#27;[34mselect&amp#27;[0m
        p1_0.id,
        p1_0.created_at,
        p1_0.delivery_price,
        p1_0.&amp#27;[32m`member_id`&amp#27;[0m,
        p1_0.member_type,
        p1_0.order_number,
        p1_0.password,
        p1_0.point_record_id,
        p1_0.road,
        p1_0.status,
        p1_0.total_price 
    &amp#27;[34mfrom&amp#27;[0m
        purchase p1_0 
    &amp#27;[34mwhere&amp#27;[0m
        p1_0.&amp#27;[32m`member_id`&amp#27;[0m=?
2024-06-24T10:16:32.283+09:00 TRACE 77710 --- [3runner-bookstore] [           main] org.hibernate.orm.jdbc.bind              : binding parameter (1:BIGINT) <- [358]
2024-06-24T10:16:32.294+09:00 TRACE 77710 --- [3runner-bookstore] [           main] o.s.t.i.TransactionInterceptor           : Completing transaction for [com.nhnacademy.bookstore.member.member.service.impl.MemberServiceImpl.getPurchasesByMemberId]
2024-06-24T10:16:32.322+09:00 TRACE 77710 --- [3runner-bookstore] [           main] o.s.t.i.TransactionInterceptor           : Getting transaction for [com.nhnacademy.bookstore.member.member.service.impl.MemberServiceImpl.deleteMember]
2024-06-24T10:16:32.322+09:00 TRACE 77710 --- [3runner-bookstore] [           main] o.s.t.i.TransactionInterceptor           : Getting transaction for [org.springframework.data.jpa.repository.support.SimpleJpaRepository.findById]
&amp#27;[35m[Hibernate]&amp#27;[0m 
    &amp#27;[34mselect&amp#27;[0m
        m1_0.id,
        m1_0.age,
        m1_0.birthday,
        m1_0.created_at,
        m1_0.deleted_at,
        m1_0.email,
        m1_0.grade,
        m1_0.last_login_date,
        m1_0.modified_at,
        m1_0.name,
        m1_0.password,
        m1_0.phone,
        m1_0.point,
        m1_0.status 
    &amp#27;[34mfrom&amp#27;[0m
        &amp#27;[32m`member`&amp#27;[0m m1_0 
    &amp#27;[34mwhere&amp#27;[0m
        m1_0.id=?
2024-06-24T10:16:32.322+09:00 TRACE 77710 --- [3runner-bookstore] [           main] org.hibernate.orm.jdbc.bind              : binding parameter (1:BIGINT) <- [358]
2024-06-24T10:16:32.332+09:00 TRACE 77710 --- [3runner-bookstore] [           main] o.s.t.i.TransactionInterceptor           : Completing transaction for [org.springframework.data.jpa.repository.support.SimpleJpaRepository.findById]
2024-06-24T10:16:32.332+09:00 TRACE 77710 --- [3runner-bookstore] [           main] o.s.t.i.TransactionInterceptor           : Getting transaction for [org.springframework.data.jpa.repository.support.SimpleJpaRepository.save]
2024-06-24T10:16:32.332+09:00 TRACE 77710 --- [3runner-bookstore] [           main] o.s.t.i.TransactionInterceptor           : Completing transaction for [org.springframework.data.jpa.repository.support.SimpleJpaRepository.save]
2024-06-24T10:16:32.332+09:00 TRACE 77710 --- [3runner-bookstore] [           main] o.s.t.i.TransactionInterceptor           : Completing transaction for [com.nhnacademy.bookstore.member.member.service.impl.MemberServiceImpl.deleteMember]
&amp#27;[35m[Hibernate]&amp#27;[0m 
    /* &amp#27;[34mupdate&amp#27;[0m
        &amp#27;[34mfor&amp#27;[0m com.nhnacademy.bookstore.entity.&amp#27;[34mmember&amp#27;[0m.&amp#27;[34mMember&amp#27;[0m */&amp#27;[34mupdate&amp#27;[0m &amp#27;[32m`member`&amp#27;[0m 
    &amp#27;[34mset&amp#27;[0m
        age=?,
        birthday=?,
        created_at=?,
        deleted_at=?,
        email=?,
        grade=?,
        last_login_date=?,
        modified_at=?,
        name=?,
        password=?,
        phone=?,
        point=?,
        status=? 
    &amp#27;[34mwhere&amp#27;[0m
        id=?
2024-06-24T10:16:32.335+09:00 TRACE 77710 --- [3runner-bookstore] [           main] org.hibernate.orm.jdbc.bind              : binding parameter (1:INTEGER) <- [1]
2024-06-24T10:16:32.335+09:00 TRACE 77710 --- [3runner-bookstore] [           main] org.hibernate.orm.jdbc.bind              : binding parameter (2:TIMESTAMP_UTC) <- [2024-06-24T01:16:31.911736Z]
2024-06-24T10:16:32.335+09:00 TRACE 77710 --- [3runner-bookstore] [           main] org.hibernate.orm.jdbc.bind              : binding parameter (3:TIMESTAMP_UTC) <- [2024-06-24T01:16:31.911761Z]
2024-06-24T10:16:32.335+09:00 TRACE 77710 --- [3runner-bookstore] [           main] org.hibernate.orm.jdbc.bind              : binding parameter (4:TIMESTAMP_UTC) <- [2024-06-24T10:16:32.332617+09:00[Asia/Seoul]]
2024-06-24T10:16:32.335+09:00 TRACE 77710 --- [3runner-bookstore] [           main] org.hibernate.orm.jdbc.bind              : binding parameter (5:VARCHAR) <- [dfdaf@nav.com]
2024-06-24T10:16:32.335+09:00 TRACE 77710 --- [3runner-bookstore] [           main] org.hibernate.orm.jdbc.bind              : binding parameter (6:TINYINT) <- [General]
2024-06-24T10:16:32.335+09:00 TRACE 77710 --- [3runner-bookstore] [           main] org.hibernate.orm.jdbc.bind              : binding parameter (7:TIMESTAMP_UTC) <- [null]
2024-06-24T10:16:32.335+09:00 TRACE 77710 --- [3runner-bookstore] [           main] org.hibernate.orm.jdbc.bind              : binding parameter (8:TIMESTAMP_UTC) <- [null]
2024-06-24T10:16:32.335+09:00 TRACE 77710 --- [3runner-bookstore] [           main] org.hibernate.orm.jdbc.bind              : binding parameter (9:VARCHAR) <- [1]
2024-06-24T10:16:32.335+09:00 TRACE 77710 --- [3runner-bookstore] [           main] org.hibernate.orm.jdbc.bind              : binding parameter (10:VARCHAR) <- [1]
2024-06-24T10:16:32.335+09:00 TRACE 77710 --- [3runner-bookstore] [           main] org.hibernate.orm.jdbc.bind              : binding parameter (11:VARCHAR) <- [1]
2024-06-24T10:16:32.335+09:00 TRACE 77710 --- [3runner-bookstore] [           main] org.hibernate.orm.jdbc.bind              : binding parameter (12:BIGINT) <- [5000]
2024-06-24T10:16:32.335+09:00 TRACE 77710 --- [3runner-bookstore] [           main] org.hibernate.orm.jdbc.bind              : binding parameter (13:TINYINT) <- [Withdrawn]
2024-06-24T10:16:32.335+09:00 TRACE 77710 --- [3runner-bookstore] [           main] org.hibernate.orm.jdbc.bind              : binding parameter (14:BIGINT) <- [358]
2024-06-24T10:16:32.373+09:00 TRACE 77710 --- [3runner-bookstore] [           main] o.s.t.i.TransactionInterceptor           : Getting transaction for [com.nhnacademy.bookstore.member.member.service.impl.MemberServiceImpl.deleteMember]
2024-06-24T10:16:32.373+09:00 TRACE 77710 --- [3runner-bookstore] [           main] o.s.t.i.TransactionInterceptor           : Getting transaction for [org.springframework.data.jpa.repository.support.SimpleJpaRepository.findById]
&amp#27;[35m[Hibernate]&amp#27;[0m 
    &amp#27;[34mselect&amp#27;[0m
        m1_0.id,
        m1_0.age,
        m1_0.birthday,
        m1_0.created_at,
        m1_0.deleted_at,
        m1_0.email,
        m1_0.grade,
        m1_0.last_login_date,
        m1_0.modified_at,
        m1_0.name,
        m1_0.password,
        m1_0.phone,
        m1_0.point,
        m1_0.status 
    &amp#27;[34mfrom&amp#27;[0m
        &amp#27;[32m`member`&amp#27;[0m m1_0 
    &amp#27;[34mwhere&amp#27;[0m
        m1_0.id=?
2024-06-24T10:16:32.373+09:00 TRACE 77710 --- [3runner-bookstore] [           main] org.hibernate.orm.jdbc.bind              : binding parameter (1:BIGINT) <- [359]
2024-06-24T10:16:32.383+09:00 TRACE 77710 --- [3runner-bookstore] [           main] o.s.t.i.TransactionInterceptor           : Completing transaction for [org.springframework.data.jpa.repository.support.SimpleJpaRepository.findById]
2024-06-24T10:16:32.383+09:00 TRACE 77710 --- [3runner-bookstore] [           main] o.s.t.i.TransactionInterceptor           : Getting transaction for [org.springframework.data.jpa.repository.support.SimpleJpaRepository.save]
2024-06-24T10:16:32.383+09:00 TRACE 77710 --- [3runner-bookstore] [           main] o.s.t.i.TransactionInterceptor           : Completing transaction for [org.springframework.data.jpa.repository.support.SimpleJpaRepository.save]
2024-06-24T10:16:32.383+09:00 TRACE 77710 --- [3runner-bookstore] [           main] o.s.t.i.TransactionInterceptor           : Completing transaction for [com.nhnacademy.bookstore.member.member.service.impl.MemberServiceImpl.deleteMember]
&amp#27;[35m[Hibernate]&amp#27;[0m 
    /* &amp#27;[34mupdate&amp#27;[0m
        &amp#27;[34mfor&amp#27;[0m com.nhnacademy.bookstore.entity.&amp#27;[34mmember&amp#27;[0m.&amp#27;[34mMember&amp#27;[0m */&amp#27;[34mupdate&amp#27;[0m &amp#27;[32m`member`&amp#27;[0m 
    &amp#27;[34mset&amp#27;[0m
        age=?,
        birthday=?,
        created_at=?,
        deleted_at=?,
        email=?,
        grade=?,
        last_login_date=?,
        modified_at=?,
        name=?,
        password=?,
        phone=?,
        point=?,
        status=? 
    &amp#27;[34mwhere&amp#27;[0m
        id=?
2024-06-24T10:16:32.384+09:00 TRACE 77710 --- [3runner-bookstore] [           main] org.hibernate.orm.jdbc.bind              : binding parameter (1:INTEGER) <- [1]
2024-06-24T10:16:32.384+09:00 TRACE 77710 --- [3runner-bookstore] [           main] org.hibernate.orm.jdbc.bind              : binding parameter (2:TIMESTAMP_UTC) <- [2024-06-24T01:16:31.911764Z]
2024-06-24T10:16:32.384+09:00 TRACE 77710 --- [3runner-bookstore] [           main] org.hibernate.orm.jdbc.bind              : binding parameter (3:TIMESTAMP_UTC) <- [2024-06-24T01:16:31.911767Z]
2024-06-24T10:16:32.384+09:00 TRACE 77710 --- [3runner-bookstore] [           main] org.hibernate.orm.jdbc.bind              : binding parameter (4:TIMESTAMP_UTC) <- [2024-06-24T10:16:32.383626+09:00[Asia/Seoul]]
2024-06-24T10:16:32.384+09:00 TRACE 77710 --- [3runner-bookstore] [           main] org.hibernate.orm.jdbc.bind              : binding parameter (5:VARCHAR) <- [dfdadf@nav.com]
2024-06-24T10:16:32.384+09:00 TRACE 77710 --- [3runner-bookstore] [           main] org.hibernate.orm.jdbc.bind              : binding parameter (6:TINYINT) <- [General]
2024-06-24T10:16:32.384+09:00 TRACE 77710 --- [3runner-bookstore] [           main] org.hibernate.orm.jdbc.bind              : binding parameter (7:TIMESTAMP_UTC) <- [null]
2024-06-24T10:16:32.384+09:00 TRACE 77710 --- [3runner-bookstore] [           main] org.hibernate.orm.jdbc.bind              : binding parameter (8:TIMESTAMP_UTC) <- [null]
2024-06-24T10:16:32.384+09:00 TRACE 77710 --- [3runner-bookstore] [           main] org.hibernate.orm.jdbc.bind              : binding parameter (9:VARCHAR) <- [1]
2024-06-24T10:16:32.384+09:00 TRACE 77710 --- [3runner-bookstore] [           main] org.hibernate.orm.jdbc.bind              : binding parameter (10:VARCHAR) <- [1]
2024-06-24T10:16:32.384+09:00 TRACE 77710 --- [3runner-bookstore] [           main] org.hibernate.orm.jdbc.bind              : binding parameter (11:VARCHAR) <- [1]
2024-06-24T10:16:32.384+09:00 TRACE 77710 --- [3runner-bookstore] [           main] org.hibernate.orm.jdbc.bind              : binding parameter (12:BIGINT) <- [5000]
2024-06-24T10:16:32.384+09:00 TRACE 77710 --- [3runner-bookstore] [           main] org.hibernate.orm.jdbc.bind              : binding parameter (13:TINYINT) <- [Withdrawn]
2024-06-24T10:16:32.384+09:00 TRACE 77710 --- [3runner-bookstore] [           main] org.hibernate.orm.jdbc.bind              : binding parameter (14:BIGINT) <- [359]
2024-06-24T10:16:32.422+09:00 TRACE 77710 --- [3runner-bookstore] [           main] o.s.t.i.TransactionInterceptor           : Getting transaction for [org.springframework.data.jpa.repository.support.SimpleJpaRepository.delete]
&amp#27;[35m[Hibernate]&amp#27;[0m 
    &amp#27;[34mselect&amp#27;[0m
        p1_0.id,
        p1_0.created_at,
        p1_0.delivery_price,
        m1_0.id,
        m1_0.age,
        m1_0.birthday,
        m1_0.created_at,
        m1_0.deleted_at,
        m1_0.email,
        m1_0.grade,
        m1_0.last_login_date,
        m1_0.modified_at,
        m1_0.name,
        m1_0.password,
        m1_0.phone,
        m1_0.point,
        m1_0.status,
        p1_0.member_type,
        p1_0.order_number,
        p1_0.password,
        pr1_0.id,
        pr1_0.content,
        pr1_0.created_at,
        pr1_0.&amp#27;[32m`member_id`&amp#27;[0m,
        m2_0.id,
        m2_0.age,
        m2_0.birthday,
        m2_0.created_at,
        m2_0.deleted_at,
        m2_0.email,
        m2_0.grade,
        m2_0.last_login_date,
        m2_0.modified_at,
        m2_0.name,
        m2_0.password,
        m2_0.phone,
        m2_0.point,
        m2_0.status,
        pr1_0.member_point,
        pr1_0.remnant_point,
        p1_0.road,
        p1_0.status,
        p1_0.total_price 
    &amp#27;[34mfrom&amp#27;[0m
        purchase p1_0 
    &amp#27;[34mleft&amp#27;[0m &amp#27;[34mjoin&amp#27;[0m
        &amp#27;[32m`member`&amp#27;[0m m1_0 
            &amp#27;[34mon&amp#27;[0m m1_0.id=p1_0.&amp#27;[32m`member_id`&amp#27;[0m 
    &amp#27;[34mleft&amp#27;[0m &amp#27;[34mjoin&amp#27;[0m
        point_record pr1_0 
            &amp#27;[34mon&amp#27;[0m pr1_0.id=p1_0.point_record_id 
    &amp#27;[34mleft&amp#27;[0m &amp#27;[34mjoin&amp#27;[0m
        &amp#27;[32m`member`&amp#27;[0m m2_0 
            &amp#27;[34mon&amp#27;[0m m2_0.id=pr1_0.&amp#27;[32m`member_id`&amp#27;[0m 
    &amp#27;[34mwhere&amp#27;[0m
        p1_0.id=?
2024-06-24T10:16:32.422+09:00 TRACE 77710 --- [3runner-bookstore] [           main] org.hibernate.orm.jdbc.bind              : binding parameter (1:BIGINT) <- [1]
2024-06-24T10:16:32.432+09:00 TRACE 77710 --- [3runner-bookstore] [           main] o.s.t.i.TransactionInterceptor           : Completing transaction for [org.springframework.data.jpa.repository.support.SimpleJpaRepository.delete]
2024-06-24T10:16:32.458+09:00 TRACE 77710 --- [3runner-bookstore] [           main] o.s.t.i.TransactionInterceptor           : Getting transaction for [org.springframework.data.jpa.repository.support.SimpleJpaRepository.delete]
&amp#27;[35m[Hibernate]&amp#27;[0m 
    &amp#27;[34mselect&amp#27;[0m
        p1_0.id,
        p1_0.created_at,
        p1_0.delivery_price,
        m1_0.id,
        m1_0.age,
        m1_0.birthday,
        m1_0.created_at,
        m1_0.deleted_at,
        m1_0.email,
        m1_0.grade,
        m1_0.last_login_date,
        m1_0.modified_at,
        m1_0.name,
        m1_0.password,
        m1_0.phone,
        m1_0.point,
        m1_0.status,
        p1_0.member_type,
        p1_0.order_number,
        p1_0.password,
        pr1_0.id,
        pr1_0.content,
        pr1_0.created_at,
        pr1_0.&amp#27;[32m`member_id`&amp#27;[0m,
        m2_0.id,
        m2_0.age,
        m2_0.birthday,
        m2_0.created_at,
        m2_0.deleted_at,
        m2_0.email,
        m2_0.grade,
        m2_0.last_login_date,
        m2_0.modified_at,
        m2_0.name,
        m2_0.password,
        m2_0.phone,
        m2_0.point,
        m2_0.status,
        pr1_0.member_point,
        pr1_0.remnant_point,
        p1_0.road,
        p1_0.status,
        p1_0.total_price 
    &amp#27;[34mfrom&amp#27;[0m
        purchase p1_0 
    &amp#27;[34mleft&amp#27;[0m &amp#27;[34mjoin&amp#27;[0m
        &amp#27;[32m`member`&amp#27;[0m m1_0 
            &amp#27;[34mon&amp#27;[0m m1_0.id=p1_0.&amp#27;[32m`member_id`&amp#27;[0m 
    &amp#27;[34mleft&amp#27;[0m &amp#27;[34mjoin&amp#27;[0m
        point_record pr1_0 
            &amp#27;[34mon&amp#27;[0m pr1_0.id=p1_0.point_record_id 
    &amp#27;[34mleft&amp#27;[0m &amp#27;[34mjoin&amp#27;[0m
        &amp#27;[32m`member`&amp#27;[0m m2_0 
            &amp#27;[34mon&amp#27;[0m m2_0.id=pr1_0.&amp#27;[32m`member_id`&amp#27;[0m 
    &amp#27;[34mwhere&amp#27;[0m
        p1_0.id=?
2024-06-24T10:16:32.458+09:00 TRACE 77710 --- [3runner-bookstore] [           main] org.hibernate.orm.jdbc.bind              : binding parameter (1:BIGINT) <- [2]
2024-06-24T10:16:32.467+09:00 TRACE 77710 --- [3runner-bookstore] [           main] o.s.t.i.TransactionInterceptor           : Completing transaction for [org.springframework.data.jpa.repository.support.SimpleJpaRepository.delete]
2024-06-24T10:16:32.494+09:00 TRACE 77710 --- [3runner-bookstore] [           main] o.s.t.i.TransactionInterceptor           : Getting transaction for [org.springframework.data.jpa.repository.support.SimpleJpaRepository.delete]
&amp#27;[35m[Hibernate]&amp#27;[0m 
    &amp#27;[34mselect&amp#27;[0m
        p1_0.id,
        p1_0.created_at,
        p1_0.delivery_price,
        m1_0.id,
        m1_0.age,
        m1_0.birthday,
        m1_0.created_at,
        m1_0.deleted_at,
        m1_0.email,
        m1_0.grade,
        m1_0.last_login_date,
        m1_0.modified_at,
        m1_0.name,
        m1_0.password,
        m1_0.phone,
        m1_0.point,
        m1_0.status,
        p1_0.member_type,
        p1_0.order_number,
        p1_0.password,
        pr1_0.id,
        pr1_0.content,
        pr1_0.created_at,
        pr1_0.&amp#27;[32m`member_id`&amp#27;[0m,
        m2_0.id,
        m2_0.age,
        m2_0.birthday,
        m2_0.created_at,
        m2_0.deleted_at,
        m2_0.email,
        m2_0.grade,
        m2_0.last_login_date,
        m2_0.modified_at,
        m2_0.name,
        m2_0.password,
        m2_0.phone,
        m2_0.point,
        m2_0.status,
        pr1_0.member_point,
        pr1_0.remnant_point,
        p1_0.road,
        p1_0.status,
        p1_0.total_price 
    &amp#27;[34mfrom&amp#27;[0m
        purchase p1_0 
    &amp#27;[34mleft&amp#27;[0m &amp#27;[34mjoin&amp#27;[0m
        &amp#27;[32m`member`&amp#27;[0m m1_0 
            &amp#27;[34mon&amp#27;[0m m1_0.id=p1_0.&amp#27;[32m`member_id`&amp#27;[0m 
    &amp#27;[34mleft&amp#27;[0m &amp#27;[34mjoin&amp#27;[0m
        point_record pr1_0 
            &amp#27;[34mon&amp#27;[0m pr1_0.id=p1_0.point_record_id 
    &amp#27;[34mleft&amp#27;[0m &amp#27;[34mjoin&amp#27;[0m
        &amp#27;[32m`member`&amp#27;[0m m2_0 
            &amp#27;[34mon&amp#27;[0m m2_0.id=pr1_0.&amp#27;[32m`member_id`&amp#27;[0m 
    &amp#27;[34mwhere&amp#27;[0m
        p1_0.id=?
2024-06-24T10:16:32.495+09:00 TRACE 77710 --- [3runner-bookstore] [           main] org.hibernate.orm.jdbc.bind              : binding parameter (1:BIGINT) <- [3]
2024-06-24T10:16:32.504+09:00 TRACE 77710 --- [3runner-bookstore] [           main] o.s.t.i.TransactionInterceptor           : Completing transaction for [org.springframework.data.jpa.repository.support.SimpleJpaRepository.delete]
2024-06-24T10:16:32.531+09:00 TRACE 77710 --- [3runner-bookstore] [           main] o.s.t.i.TransactionInterceptor           : Getting transaction for [org.springframework.data.jpa.repository.support.SimpleJpaRepository.delete]
&amp#27;[35m[Hibernate]&amp#27;[0m 
    &amp#27;[34mselect&amp#27;[0m
        p1_0.id,
        p1_0.created_at,
        p1_0.delivery_price,
        m1_0.id,
        m1_0.age,
        m1_0.birthday,
        m1_0.created_at,
        m1_0.deleted_at,
        m1_0.email,
        m1_0.grade,
        m1_0.last_login_date,
        m1_0.modified_at,
        m1_0.name,
        m1_0.password,
        m1_0.phone,
        m1_0.point,
        m1_0.status,
        p1_0.member_type,
        p1_0.order_number,
        p1_0.password,
        pr1_0.id,
        pr1_0.content,
        pr1_0.created_at,
        pr1_0.&amp#27;[32m`member_id`&amp#27;[0m,
        m2_0.id,
        m2_0.age,
        m2_0.birthday,
        m2_0.created_at,
        m2_0.deleted_at,
        m2_0.email,
        m2_0.grade,
        m2_0.last_login_date,
        m2_0.modified_at,
        m2_0.name,
        m2_0.password,
        m2_0.phone,
        m2_0.point,
        m2_0.status,
        pr1_0.member_point,
        pr1_0.remnant_point,
        p1_0.road,
        p1_0.status,
        p1_0.total_price 
    &amp#27;[34mfrom&amp#27;[0m
        purchase p1_0 
    &amp#27;[34mleft&amp#27;[0m &amp#27;[34mjoin&amp#27;[0m
        &amp#27;[32m`member`&amp#27;[0m m1_0 
            &amp#27;[34mon&amp#27;[0m m1_0.id=p1_0.&amp#27;[32m`member_id`&amp#27;[0m 
    &amp#27;[34mleft&amp#27;[0m &amp#27;[34mjoin&amp#27;[0m
        point_record pr1_0 
            &amp#27;[34mon&amp#27;[0m pr1_0.id=p1_0.point_record_id 
    &amp#27;[34mleft&amp#27;[0m &amp#27;[34mjoin&amp#27;[0m
        &amp#27;[32m`member`&amp#27;[0m m2_0 
            &amp#27;[34mon&amp#27;[0m m2_0.id=pr1_0.&amp#27;[32m`member_id`&amp#27;[0m 
    &amp#27;[34mwhere&amp#27;[0m
        p1_0.id=?
2024-06-24T10:16:32.531+09:00 TRACE 77710 --- [3runner-bookstore] [           main] org.hibernate.orm.jdbc.bind              : binding parameter (1:BIGINT) <- [4]
2024-06-24T10:16:32.541+09:00 TRACE 77710 --- [3runner-bookstore] [           main] o.s.t.i.TransactionInterceptor           : Completing transaction for [org.springframework.data.jpa.repository.support.SimpleJpaRepository.delete]
]]></system-out>
  </testcase>
  <testcase name="existsPurchaseByOrderNumber" classname="com.nhnacademy.bookstore.purchase.purchase.repository.PurchaseRepositoryTest" time="0.614">
    <system-out><![CDATA[2024-06-24T10:16:32.573+09:00 TRACE 77710 --- [3runner-bookstore] [           main] o.s.t.i.TransactionInterceptor           : Getting transaction for [com.nhnacademy.bookstore.member.member.service.impl.MemberServiceImpl.save]
2024-06-24T10:16:32.573+09:00 TRACE 77710 --- [3runner-bookstore] [           main] o.s.t.i.TransactionInterceptor           : Getting transaction for [org.springframework.data.jpa.repository.support.SimpleJpaRepository.save]
&amp#27;[35m[Hibernate]&amp#27;[0m 
    /* &amp#27;[34minsert&amp#27;[0m &amp#27;[34mfor&amp#27;[0m
        com.nhnacademy.bookstore.entity.&amp#27;[34mmember&amp#27;[0m.&amp#27;[34mMember&amp#27;[0m */&amp#27;[34minsert&amp#27;[0m 
    &amp#27;[34minto&amp#27;[0m
        &amp#27;[32m`member`&amp#27;[0m (
            age, birthday, created_at, deleted_at, email, grade, last_login_date, modified_at, name, password, phone, point, status
        ) 
    &amp#27;[34mvalues&amp#27;[0m
        (?, ?, ?, ?, ?, ?, ?, ?, ?, ?, ?, ?, ?)
2024-06-24T10:16:32.574+09:00 TRACE 77710 --- [3runner-bookstore] [           main] org.hibernate.orm.jdbc.bind              : binding parameter (1:INTEGER) <- [1]
2024-06-24T10:16:32.574+09:00 TRACE 77710 --- [3runner-bookstore] [           main] org.hibernate.orm.jdbc.bind              : binding parameter (2:TIMESTAMP_UTC) <- [2024-06-24T10:16:32.564286+09:00[Asia/Seoul]]
2024-06-24T10:16:32.574+09:00 TRACE 77710 --- [3runner-bookstore] [           main] org.hibernate.orm.jdbc.bind              : binding parameter (3:TIMESTAMP_UTC) <- [2024-06-24T10:16:32.564296+09:00[Asia/Seoul]]
2024-06-24T10:16:32.574+09:00 TRACE 77710 --- [3runner-bookstore] [           main] org.hibernate.orm.jdbc.bind              : binding parameter (4:TIMESTAMP_UTC) <- [null]
2024-06-24T10:16:32.574+09:00 TRACE 77710 --- [3runner-bookstore] [           main] org.hibernate.orm.jdbc.bind              : binding parameter (5:VARCHAR) <- [dfdaf@nav.com]
2024-06-24T10:16:32.574+09:00 TRACE 77710 --- [3runner-bookstore] [           main] org.hibernate.orm.jdbc.bind              : binding parameter (6:TINYINT) <- [General]
2024-06-24T10:16:32.574+09:00 TRACE 77710 --- [3runner-bookstore] [           main] org.hibernate.orm.jdbc.bind              : binding parameter (7:TIMESTAMP_UTC) <- [null]
2024-06-24T10:16:32.574+09:00 TRACE 77710 --- [3runner-bookstore] [           main] org.hibernate.orm.jdbc.bind              : binding parameter (8:TIMESTAMP_UTC) <- [null]
2024-06-24T10:16:32.574+09:00 TRACE 77710 --- [3runner-bookstore] [           main] org.hibernate.orm.jdbc.bind              : binding parameter (9:VARCHAR) <- [1]
2024-06-24T10:16:32.574+09:00 TRACE 77710 --- [3runner-bookstore] [           main] org.hibernate.orm.jdbc.bind              : binding parameter (10:VARCHAR) <- [1]
2024-06-24T10:16:32.574+09:00 TRACE 77710 --- [3runner-bookstore] [           main] org.hibernate.orm.jdbc.bind              : binding parameter (11:VARCHAR) <- [1]
2024-06-24T10:16:32.574+09:00 TRACE 77710 --- [3runner-bookstore] [           main] org.hibernate.orm.jdbc.bind              : binding parameter (12:BIGINT) <- [5000]
2024-06-24T10:16:32.574+09:00 TRACE 77710 --- [3runner-bookstore] [           main] org.hibernate.orm.jdbc.bind              : binding parameter (13:TINYINT) <- [Active]
2024-06-24T10:16:32.583+09:00 TRACE 77710 --- [3runner-bookstore] [           main] o.s.t.i.TransactionInterceptor           : Completing transaction for [org.springframework.data.jpa.repository.support.SimpleJpaRepository.save]
2024-06-24T10:16:32.583+09:00 TRACE 77710 --- [3runner-bookstore] [           main] o.s.t.i.TransactionInterceptor           : Completing transaction for [com.nhnacademy.bookstore.member.member.service.impl.MemberServiceImpl.save]
2024-06-24T10:16:32.611+09:00 TRACE 77710 --- [3runner-bookstore] [           main] o.s.t.i.TransactionInterceptor           : Getting transaction for [com.nhnacademy.bookstore.member.member.service.impl.MemberServiceImpl.save]
2024-06-24T10:16:32.611+09:00 TRACE 77710 --- [3runner-bookstore] [           main] o.s.t.i.TransactionInterceptor           : Getting transaction for [org.springframework.data.jpa.repository.support.SimpleJpaRepository.save]
&amp#27;[35m[Hibernate]&amp#27;[0m 
    /* &amp#27;[34minsert&amp#27;[0m &amp#27;[34mfor&amp#27;[0m
        com.nhnacademy.bookstore.entity.&amp#27;[34mmember&amp#27;[0m.&amp#27;[34mMember&amp#27;[0m */&amp#27;[34minsert&amp#27;[0m 
    &amp#27;[34minto&amp#27;[0m
        &amp#27;[32m`member`&amp#27;[0m (
            age, birthday, created_at, deleted_at, email, grade, last_login_date, modified_at, name, password, phone, point, status
        ) 
    &amp#27;[34mvalues&amp#27;[0m
        (?, ?, ?, ?, ?, ?, ?, ?, ?, ?, ?, ?, ?)
2024-06-24T10:16:32.611+09:00 TRACE 77710 --- [3runner-bookstore] [           main] org.hibernate.orm.jdbc.bind              : binding parameter (1:INTEGER) <- [1]
2024-06-24T10:16:32.611+09:00 TRACE 77710 --- [3runner-bookstore] [           main] org.hibernate.orm.jdbc.bind              : binding parameter (2:TIMESTAMP_UTC) <- [2024-06-24T10:16:32.564299+09:00[Asia/Seoul]]
2024-06-24T10:16:32.611+09:00 TRACE 77710 --- [3runner-bookstore] [           main] org.hibernate.orm.jdbc.bind              : binding parameter (3:TIMESTAMP_UTC) <- [2024-06-24T10:16:32.564301+09:00[Asia/Seoul]]
2024-06-24T10:16:32.612+09:00 TRACE 77710 --- [3runner-bookstore] [           main] org.hibernate.orm.jdbc.bind              : binding parameter (4:TIMESTAMP_UTC) <- [null]
2024-06-24T10:16:32.612+09:00 TRACE 77710 --- [3runner-bookstore] [           main] org.hibernate.orm.jdbc.bind              : binding parameter (5:VARCHAR) <- [dfdadf@nav.com]
2024-06-24T10:16:32.612+09:00 TRACE 77710 --- [3runner-bookstore] [           main] org.hibernate.orm.jdbc.bind              : binding parameter (6:TINYINT) <- [General]
2024-06-24T10:16:32.612+09:00 TRACE 77710 --- [3runner-bookstore] [           main] org.hibernate.orm.jdbc.bind              : binding parameter (7:TIMESTAMP_UTC) <- [null]
2024-06-24T10:16:32.612+09:00 TRACE 77710 --- [3runner-bookstore] [           main] org.hibernate.orm.jdbc.bind              : binding parameter (8:TIMESTAMP_UTC) <- [null]
2024-06-24T10:16:32.612+09:00 TRACE 77710 --- [3runner-bookstore] [           main] org.hibernate.orm.jdbc.bind              : binding parameter (9:VARCHAR) <- [1]
2024-06-24T10:16:32.612+09:00 TRACE 77710 --- [3runner-bookstore] [           main] org.hibernate.orm.jdbc.bind              : binding parameter (10:VARCHAR) <- [1]
2024-06-24T10:16:32.612+09:00 TRACE 77710 --- [3runner-bookstore] [           main] org.hibernate.orm.jdbc.bind              : binding parameter (11:VARCHAR) <- [1]
2024-06-24T10:16:32.612+09:00 TRACE 77710 --- [3runner-bookstore] [           main] org.hibernate.orm.jdbc.bind              : binding parameter (12:BIGINT) <- [5000]
2024-06-24T10:16:32.612+09:00 TRACE 77710 --- [3runner-bookstore] [           main] org.hibernate.orm.jdbc.bind              : binding parameter (13:TINYINT) <- [Active]
2024-06-24T10:16:32.621+09:00 TRACE 77710 --- [3runner-bookstore] [           main] o.s.t.i.TransactionInterceptor           : Completing transaction for [org.springframework.data.jpa.repository.support.SimpleJpaRepository.save]
2024-06-24T10:16:32.621+09:00 TRACE 77710 --- [3runner-bookstore] [           main] o.s.t.i.TransactionInterceptor           : Completing transaction for [com.nhnacademy.bookstore.member.member.service.impl.MemberServiceImpl.save]
2024-06-24T10:16:32.649+09:00 TRACE 77710 --- [3runner-bookstore] [           main] o.s.t.i.TransactionInterceptor           : Getting transaction for [org.springframework.data.jpa.repository.support.SimpleJpaRepository.save]
&amp#27;[35m[Hibernate]&amp#27;[0m 
    &amp#27;[34mselect&amp#27;[0m
        p1_0.id,
        p1_0.created_at,
        p1_0.delivery_price,
        m1_0.id,
        m1_0.age,
        m1_0.birthday,
        m1_0.created_at,
        m1_0.deleted_at,
        m1_0.email,
        m1_0.grade,
        m1_0.last_login_date,
        m1_0.modified_at,
        m1_0.name,
        m1_0.password,
        m1_0.phone,
        m1_0.point,
        m1_0.status,
        al1_0.&amp#27;[32m`member_id`&amp#27;[0m,
        al1_0.id,
        al1_0.city,
        al1_0.country,
        al1_0.name,
        al1_0.postal_code,
        al1_0.road,
        al1_0.state,
        p1_0.member_type,
        p1_0.order_number,
        p1_0.password,
        pr1_0.id,
        pr1_0.content,
        pr1_0.created_at,
        pr1_0.&amp#27;[32m`member_id`&amp#27;[0m,
        m3_0.id,
        m3_0.age,
        m3_0.birthday,
        m3_0.created_at,
        m3_0.deleted_at,
        m3_0.email,
        m3_0.grade,
        m3_0.last_login_date,
        m3_0.modified_at,
        m3_0.name,
        m3_0.password,
        m3_0.phone,
        m3_0.point,
        m3_0.status,
        pr1_0.member_point,
        pr1_0.remnant_point,
        p1_0.road,
        p1_0.status,
        p1_0.total_price 
    &amp#27;[34mfrom&amp#27;[0m
        purchase p1_0 
    &amp#27;[34mleft&amp#27;[0m &amp#27;[34mjoin&amp#27;[0m
        &amp#27;[32m`member`&amp#27;[0m m1_0 
            &amp#27;[34mon&amp#27;[0m m1_0.id=p1_0.&amp#27;[32m`member_id`&amp#27;[0m 
    &amp#27;[34mleft&amp#27;[0m &amp#27;[34mjoin&amp#27;[0m
        address al1_0 
            &amp#27;[34mon&amp#27;[0m m1_0.id=al1_0.&amp#27;[32m`member_id`&amp#27;[0m 
    &amp#27;[34mleft&amp#27;[0m &amp#27;[34mjoin&amp#27;[0m
        point_record pr1_0 
            &amp#27;[34mon&amp#27;[0m pr1_0.id=p1_0.point_record_id 
    &amp#27;[34mleft&amp#27;[0m &amp#27;[34mjoin&amp#27;[0m
        &amp#27;[32m`member`&amp#27;[0m m3_0 
            &amp#27;[34mon&amp#27;[0m m3_0.id=pr1_0.&amp#27;[32m`member_id`&amp#27;[0m 
    &amp#27;[34mwhere&amp#27;[0m
        p1_0.id=?
2024-06-24T10:16:32.649+09:00 TRACE 77710 --- [3runner-bookstore] [           main] org.hibernate.orm.jdbc.bind              : binding parameter (1:BIGINT) <- [1]
&amp#27;[35m[Hibernate]&amp#27;[0m 
    &amp#27;[34mselect&amp#27;[0m
        m1_0.id,
        m1_0.age,
        m1_0.birthday,
        m1_0.created_at,
        m1_0.deleted_at,
        m1_0.email,
        m1_0.grade,
        m1_0.last_login_date,
        m1_0.modified_at,
        m1_0.name,
        m1_0.password,
        m1_0.phone,
        m1_0.point,
        m1_0.status 
    &amp#27;[34mfrom&amp#27;[0m
        &amp#27;[32m`member`&amp#27;[0m m1_0 
    &amp#27;[34mwhere&amp#27;[0m
        m1_0.id=?
2024-06-24T10:16:32.659+09:00 TRACE 77710 --- [3runner-bookstore] [           main] org.hibernate.orm.jdbc.bind              : binding parameter (1:BIGINT) <- [360]
&amp#27;[35m[Hibernate]&amp#27;[0m 
    /* &amp#27;[34minsert&amp#27;[0m &amp#27;[34mfor&amp#27;[0m
        com.nhnacademy.bookstore.entity.purchase.Purchase */&amp#27;[34minsert&amp#27;[0m 
    &amp#27;[34minto&amp#27;[0m
        purchase (created_at, delivery_price, &amp#27;[32m`member_id`&amp#27;[0m, member_type, order_number, password, point_record_id, road, status, total_price) 
    &amp#27;[34mvalues&amp#27;[0m
        (?, ?, ?, ?, ?, ?, ?, ?, ?, ?)
2024-06-24T10:16:32.669+09:00 TRACE 77710 --- [3runner-bookstore] [           main] org.hibernate.orm.jdbc.bind              : binding parameter (1:TIMESTAMP_UTC) <- [2024-06-24T10:16:32.640414+09:00[Asia/Seoul]]
2024-06-24T10:16:32.669+09:00 TRACE 77710 --- [3runner-bookstore] [           main] org.hibernate.orm.jdbc.bind              : binding parameter (2:INTEGER) <- [100]
2024-06-24T10:16:32.669+09:00 TRACE 77710 --- [3runner-bookstore] [           main] org.hibernate.orm.jdbc.bind              : binding parameter (3:BIGINT) <- [360]
2024-06-24T10:16:32.669+09:00 TRACE 77710 --- [3runner-bookstore] [           main] org.hibernate.orm.jdbc.bind              : binding parameter (4:TINYINT) <- [MEMBER]
2024-06-24T10:16:32.669+09:00 TRACE 77710 --- [3runner-bookstore] [           main] org.hibernate.orm.jdbc.bind              : binding parameter (5:BINARY) <- [b34dd622-7bd4-4965-8641-ab59e42615c8]
2024-06-24T10:16:32.669+09:00 TRACE 77710 --- [3runner-bookstore] [           main] org.hibernate.orm.jdbc.bind              : binding parameter (6:VARCHAR) <- [password]
2024-06-24T10:16:32.669+09:00 TRACE 77710 --- [3runner-bookstore] [           main] org.hibernate.orm.jdbc.bind              : binding parameter (7:BIGINT) <- [null]
2024-06-24T10:16:32.669+09:00 TRACE 77710 --- [3runner-bookstore] [           main] org.hibernate.orm.jdbc.bind              : binding parameter (8:VARCHAR) <- [road]
2024-06-24T10:16:32.669+09:00 TRACE 77710 --- [3runner-bookstore] [           main] org.hibernate.orm.jdbc.bind              : binding parameter (9:TINYINT) <- [SHIPPED]
2024-06-24T10:16:32.669+09:00 TRACE 77710 --- [3runner-bookstore] [           main] org.hibernate.orm.jdbc.bind              : binding parameter (10:INTEGER) <- [10]
2024-06-24T10:16:32.678+09:00 TRACE 77710 --- [3runner-bookstore] [           main] o.s.t.i.TransactionInterceptor           : Completing transaction for [org.springframework.data.jpa.repository.support.SimpleJpaRepository.save]
2024-06-24T10:16:32.707+09:00 TRACE 77710 --- [3runner-bookstore] [           main] o.s.t.i.TransactionInterceptor           : Getting transaction for [org.springframework.data.jpa.repository.support.SimpleJpaRepository.save]
&amp#27;[35m[Hibernate]&amp#27;[0m 
    &amp#27;[34mselect&amp#27;[0m
        p1_0.id,
        p1_0.created_at,
        p1_0.delivery_price,
        m1_0.id,
        m1_0.age,
        m1_0.birthday,
        m1_0.created_at,
        m1_0.deleted_at,
        m1_0.email,
        m1_0.grade,
        m1_0.last_login_date,
        m1_0.modified_at,
        m1_0.name,
        m1_0.password,
        m1_0.phone,
        m1_0.point,
        m1_0.status,
        al1_0.&amp#27;[32m`member_id`&amp#27;[0m,
        al1_0.id,
        al1_0.city,
        al1_0.country,
        al1_0.name,
        al1_0.postal_code,
        al1_0.road,
        al1_0.state,
        p1_0.member_type,
        p1_0.order_number,
        p1_0.password,
        pr1_0.id,
        pr1_0.content,
        pr1_0.created_at,
        pr1_0.&amp#27;[32m`member_id`&amp#27;[0m,
        m3_0.id,
        m3_0.age,
        m3_0.birthday,
        m3_0.created_at,
        m3_0.deleted_at,
        m3_0.email,
        m3_0.grade,
        m3_0.last_login_date,
        m3_0.modified_at,
        m3_0.name,
        m3_0.password,
        m3_0.phone,
        m3_0.point,
        m3_0.status,
        pr1_0.member_point,
        pr1_0.remnant_point,
        p1_0.road,
        p1_0.status,
        p1_0.total_price 
    &amp#27;[34mfrom&amp#27;[0m
        purchase p1_0 
    &amp#27;[34mleft&amp#27;[0m &amp#27;[34mjoin&amp#27;[0m
        &amp#27;[32m`member`&amp#27;[0m m1_0 
            &amp#27;[34mon&amp#27;[0m m1_0.id=p1_0.&amp#27;[32m`member_id`&amp#27;[0m 
    &amp#27;[34mleft&amp#27;[0m &amp#27;[34mjoin&amp#27;[0m
        address al1_0 
            &amp#27;[34mon&amp#27;[0m m1_0.id=al1_0.&amp#27;[32m`member_id`&amp#27;[0m 
    &amp#27;[34mleft&amp#27;[0m &amp#27;[34mjoin&amp#27;[0m
        point_record pr1_0 
            &amp#27;[34mon&amp#27;[0m pr1_0.id=p1_0.point_record_id 
    &amp#27;[34mleft&amp#27;[0m &amp#27;[34mjoin&amp#27;[0m
        &amp#27;[32m`member`&amp#27;[0m m3_0 
            &amp#27;[34mon&amp#27;[0m m3_0.id=pr1_0.&amp#27;[32m`member_id`&amp#27;[0m 
    &amp#27;[34mwhere&amp#27;[0m
        p1_0.id=?
2024-06-24T10:16:32.707+09:00 TRACE 77710 --- [3runner-bookstore] [           main] org.hibernate.orm.jdbc.bind              : binding parameter (1:BIGINT) <- [2]
&amp#27;[35m[Hibernate]&amp#27;[0m 
    &amp#27;[34mselect&amp#27;[0m
        m1_0.id,
        m1_0.age,
        m1_0.birthday,
        m1_0.created_at,
        m1_0.deleted_at,
        m1_0.email,
        m1_0.grade,
        m1_0.last_login_date,
        m1_0.modified_at,
        m1_0.name,
        m1_0.password,
        m1_0.phone,
        m1_0.point,
        m1_0.status 
    &amp#27;[34mfrom&amp#27;[0m
        &amp#27;[32m`member`&amp#27;[0m m1_0 
    &amp#27;[34mwhere&amp#27;[0m
        m1_0.id=?
2024-06-24T10:16:32.717+09:00 TRACE 77710 --- [3runner-bookstore] [           main] org.hibernate.orm.jdbc.bind              : binding parameter (1:BIGINT) <- [360]
&amp#27;[35m[Hibernate]&amp#27;[0m 
    /* &amp#27;[34minsert&amp#27;[0m &amp#27;[34mfor&amp#27;[0m
        com.nhnacademy.bookstore.entity.purchase.Purchase */&amp#27;[34minsert&amp#27;[0m 
    &amp#27;[34minto&amp#27;[0m
        purchase (created_at, delivery_price, &amp#27;[32m`member_id`&amp#27;[0m, member_type, order_number, password, point_record_id, road, status, total_price) 
    &amp#27;[34mvalues&amp#27;[0m
        (?, ?, ?, ?, ?, ?, ?, ?, ?, ?)
2024-06-24T10:16:32.727+09:00 TRACE 77710 --- [3runner-bookstore] [           main] org.hibernate.orm.jdbc.bind              : binding parameter (1:TIMESTAMP_UTC) <- [2024-06-24T10:16:32.640423+09:00[Asia/Seoul]]
2024-06-24T10:16:32.727+09:00 TRACE 77710 --- [3runner-bookstore] [           main] org.hibernate.orm.jdbc.bind              : binding parameter (2:INTEGER) <- [100]
2024-06-24T10:16:32.727+09:00 TRACE 77710 --- [3runner-bookstore] [           main] org.hibernate.orm.jdbc.bind              : binding parameter (3:BIGINT) <- [360]
2024-06-24T10:16:32.727+09:00 TRACE 77710 --- [3runner-bookstore] [           main] org.hibernate.orm.jdbc.bind              : binding parameter (4:TINYINT) <- [MEMBER]
2024-06-24T10:16:32.727+09:00 TRACE 77710 --- [3runner-bookstore] [           main] org.hibernate.orm.jdbc.bind              : binding parameter (5:BINARY) <- [eeee58c9-6ea7-463a-9ca9-0e3be0fc5b8c]
2024-06-24T10:16:32.727+09:00 TRACE 77710 --- [3runner-bookstore] [           main] org.hibernate.orm.jdbc.bind              : binding parameter (6:VARCHAR) <- [password]
2024-06-24T10:16:32.727+09:00 TRACE 77710 --- [3runner-bookstore] [           main] org.hibernate.orm.jdbc.bind              : binding parameter (7:BIGINT) <- [null]
2024-06-24T10:16:32.727+09:00 TRACE 77710 --- [3runner-bookstore] [           main] org.hibernate.orm.jdbc.bind              : binding parameter (8:VARCHAR) <- [road]
2024-06-24T10:16:32.727+09:00 TRACE 77710 --- [3runner-bookstore] [           main] org.hibernate.orm.jdbc.bind              : binding parameter (9:TINYINT) <- [SHIPPED]
2024-06-24T10:16:32.727+09:00 TRACE 77710 --- [3runner-bookstore] [           main] org.hibernate.orm.jdbc.bind              : binding parameter (10:INTEGER) <- [10]
2024-06-24T10:16:32.736+09:00 TRACE 77710 --- [3runner-bookstore] [           main] o.s.t.i.TransactionInterceptor           : Completing transaction for [org.springframework.data.jpa.repository.support.SimpleJpaRepository.save]
2024-06-24T10:16:32.764+09:00 TRACE 77710 --- [3runner-bookstore] [           main] o.s.t.i.TransactionInterceptor           : Getting transaction for [org.springframework.data.jpa.repository.support.SimpleJpaRepository.save]
&amp#27;[35m[Hibernate]&amp#27;[0m 
    &amp#27;[34mselect&amp#27;[0m
        p1_0.id,
        p1_0.created_at,
        p1_0.delivery_price,
        m1_0.id,
        m1_0.age,
        m1_0.birthday,
        m1_0.created_at,
        m1_0.deleted_at,
        m1_0.email,
        m1_0.grade,
        m1_0.last_login_date,
        m1_0.modified_at,
        m1_0.name,
        m1_0.password,
        m1_0.phone,
        m1_0.point,
        m1_0.status,
        al1_0.&amp#27;[32m`member_id`&amp#27;[0m,
        al1_0.id,
        al1_0.city,
        al1_0.country,
        al1_0.name,
        al1_0.postal_code,
        al1_0.road,
        al1_0.state,
        p1_0.member_type,
        p1_0.order_number,
        p1_0.password,
        pr1_0.id,
        pr1_0.content,
        pr1_0.created_at,
        pr1_0.&amp#27;[32m`member_id`&amp#27;[0m,
        m3_0.id,
        m3_0.age,
        m3_0.birthday,
        m3_0.created_at,
        m3_0.deleted_at,
        m3_0.email,
        m3_0.grade,
        m3_0.last_login_date,
        m3_0.modified_at,
        m3_0.name,
        m3_0.password,
        m3_0.phone,
        m3_0.point,
        m3_0.status,
        pr1_0.member_point,
        pr1_0.remnant_point,
        p1_0.road,
        p1_0.status,
        p1_0.total_price 
    &amp#27;[34mfrom&amp#27;[0m
        purchase p1_0 
    &amp#27;[34mleft&amp#27;[0m &amp#27;[34mjoin&amp#27;[0m
        &amp#27;[32m`member`&amp#27;[0m m1_0 
            &amp#27;[34mon&amp#27;[0m m1_0.id=p1_0.&amp#27;[32m`member_id`&amp#27;[0m 
    &amp#27;[34mleft&amp#27;[0m &amp#27;[34mjoin&amp#27;[0m
        address al1_0 
            &amp#27;[34mon&amp#27;[0m m1_0.id=al1_0.&amp#27;[32m`member_id`&amp#27;[0m 
    &amp#27;[34mleft&amp#27;[0m &amp#27;[34mjoin&amp#27;[0m
        point_record pr1_0 
            &amp#27;[34mon&amp#27;[0m pr1_0.id=p1_0.point_record_id 
    &amp#27;[34mleft&amp#27;[0m &amp#27;[34mjoin&amp#27;[0m
        &amp#27;[32m`member`&amp#27;[0m m3_0 
            &amp#27;[34mon&amp#27;[0m m3_0.id=pr1_0.&amp#27;[32m`member_id`&amp#27;[0m 
    &amp#27;[34mwhere&amp#27;[0m
        p1_0.id=?
2024-06-24T10:16:32.765+09:00 TRACE 77710 --- [3runner-bookstore] [           main] org.hibernate.orm.jdbc.bind              : binding parameter (1:BIGINT) <- [3]
&amp#27;[35m[Hibernate]&amp#27;[0m 
    &amp#27;[34mselect&amp#27;[0m
        m1_0.id,
        m1_0.age,
        m1_0.birthday,
        m1_0.created_at,
        m1_0.deleted_at,
        m1_0.email,
        m1_0.grade,
        m1_0.last_login_date,
        m1_0.modified_at,
        m1_0.name,
        m1_0.password,
        m1_0.phone,
        m1_0.point,
        m1_0.status 
    &amp#27;[34mfrom&amp#27;[0m
        &amp#27;[32m`member`&amp#27;[0m m1_0 
    &amp#27;[34mwhere&amp#27;[0m
        m1_0.id=?
2024-06-24T10:16:32.775+09:00 TRACE 77710 --- [3runner-bookstore] [           main] org.hibernate.orm.jdbc.bind              : binding parameter (1:BIGINT) <- [360]
&amp#27;[35m[Hibernate]&amp#27;[0m 
    /* &amp#27;[34minsert&amp#27;[0m &amp#27;[34mfor&amp#27;[0m
        com.nhnacademy.bookstore.entity.purchase.Purchase */&amp#27;[34minsert&amp#27;[0m 
    &amp#27;[34minto&amp#27;[0m
        purchase (created_at, delivery_price, &amp#27;[32m`member_id`&amp#27;[0m, member_type, order_number, password, point_record_id, road, status, total_price) 
    &amp#27;[34mvalues&amp#27;[0m
        (?, ?, ?, ?, ?, ?, ?, ?, ?, ?)
2024-06-24T10:16:32.784+09:00 TRACE 77710 --- [3runner-bookstore] [           main] org.hibernate.orm.jdbc.bind              : binding parameter (1:TIMESTAMP_UTC) <- [2024-06-24T10:16:32.640426+09:00[Asia/Seoul]]
2024-06-24T10:16:32.785+09:00 TRACE 77710 --- [3runner-bookstore] [           main] org.hibernate.orm.jdbc.bind              : binding parameter (2:INTEGER) <- [100]
2024-06-24T10:16:32.785+09:00 TRACE 77710 --- [3runner-bookstore] [           main] org.hibernate.orm.jdbc.bind              : binding parameter (3:BIGINT) <- [360]
2024-06-24T10:16:32.785+09:00 TRACE 77710 --- [3runner-bookstore] [           main] org.hibernate.orm.jdbc.bind              : binding parameter (4:TINYINT) <- [MEMBER]
2024-06-24T10:16:32.785+09:00 TRACE 77710 --- [3runner-bookstore] [           main] org.hibernate.orm.jdbc.bind              : binding parameter (5:BINARY) <- [fcc51a63-a4e4-4d19-bda4-b05ed0e4bee5]
2024-06-24T10:16:32.785+09:00 TRACE 77710 --- [3runner-bookstore] [           main] org.hibernate.orm.jdbc.bind              : binding parameter (6:VARCHAR) <- [password]
2024-06-24T10:16:32.785+09:00 TRACE 77710 --- [3runner-bookstore] [           main] org.hibernate.orm.jdbc.bind              : binding parameter (7:BIGINT) <- [null]
2024-06-24T10:16:32.785+09:00 TRACE 77710 --- [3runner-bookstore] [           main] org.hibernate.orm.jdbc.bind              : binding parameter (8:VARCHAR) <- [road]
2024-06-24T10:16:32.785+09:00 TRACE 77710 --- [3runner-bookstore] [           main] org.hibernate.orm.jdbc.bind              : binding parameter (9:TINYINT) <- [SHIPPED]
2024-06-24T10:16:32.785+09:00 TRACE 77710 --- [3runner-bookstore] [           main] org.hibernate.orm.jdbc.bind              : binding parameter (10:INTEGER) <- [10]
2024-06-24T10:16:32.794+09:00 TRACE 77710 --- [3runner-bookstore] [           main] o.s.t.i.TransactionInterceptor           : Completing transaction for [org.springframework.data.jpa.repository.support.SimpleJpaRepository.save]
2024-06-24T10:16:32.824+09:00 TRACE 77710 --- [3runner-bookstore] [           main] o.s.t.i.TransactionInterceptor           : Getting transaction for [org.springframework.data.jpa.repository.support.SimpleJpaRepository.save]
&amp#27;[35m[Hibernate]&amp#27;[0m 
    &amp#27;[34mselect&amp#27;[0m
        p1_0.id,
        p1_0.created_at,
        p1_0.delivery_price,
        m1_0.id,
        m1_0.age,
        m1_0.birthday,
        m1_0.created_at,
        m1_0.deleted_at,
        m1_0.email,
        m1_0.grade,
        m1_0.last_login_date,
        m1_0.modified_at,
        m1_0.name,
        m1_0.password,
        m1_0.phone,
        m1_0.point,
        m1_0.status,
        al1_0.&amp#27;[32m`member_id`&amp#27;[0m,
        al1_0.id,
        al1_0.city,
        al1_0.country,
        al1_0.name,
        al1_0.postal_code,
        al1_0.road,
        al1_0.state,
        p1_0.member_type,
        p1_0.order_number,
        p1_0.password,
        pr1_0.id,
        pr1_0.content,
        pr1_0.created_at,
        pr1_0.&amp#27;[32m`member_id`&amp#27;[0m,
        m3_0.id,
        m3_0.age,
        m3_0.birthday,
        m3_0.created_at,
        m3_0.deleted_at,
        m3_0.email,
        m3_0.grade,
        m3_0.last_login_date,
        m3_0.modified_at,
        m3_0.name,
        m3_0.password,
        m3_0.phone,
        m3_0.point,
        m3_0.status,
        pr1_0.member_point,
        pr1_0.remnant_point,
        p1_0.road,
        p1_0.status,
        p1_0.total_price 
    &amp#27;[34mfrom&amp#27;[0m
        purchase p1_0 
    &amp#27;[34mleft&amp#27;[0m &amp#27;[34mjoin&amp#27;[0m
        &amp#27;[32m`member`&amp#27;[0m m1_0 
            &amp#27;[34mon&amp#27;[0m m1_0.id=p1_0.&amp#27;[32m`member_id`&amp#27;[0m 
    &amp#27;[34mleft&amp#27;[0m &amp#27;[34mjoin&amp#27;[0m
        address al1_0 
            &amp#27;[34mon&amp#27;[0m m1_0.id=al1_0.&amp#27;[32m`member_id`&amp#27;[0m 
    &amp#27;[34mleft&amp#27;[0m &amp#27;[34mjoin&amp#27;[0m
        point_record pr1_0 
            &amp#27;[34mon&amp#27;[0m pr1_0.id=p1_0.point_record_id 
    &amp#27;[34mleft&amp#27;[0m &amp#27;[34mjoin&amp#27;[0m
        &amp#27;[32m`member`&amp#27;[0m m3_0 
            &amp#27;[34mon&amp#27;[0m m3_0.id=pr1_0.&amp#27;[32m`member_id`&amp#27;[0m 
    &amp#27;[34mwhere&amp#27;[0m
        p1_0.id=?
2024-06-24T10:16:32.824+09:00 TRACE 77710 --- [3runner-bookstore] [           main] org.hibernate.orm.jdbc.bind              : binding parameter (1:BIGINT) <- [4]
&amp#27;[35m[Hibernate]&amp#27;[0m 
    &amp#27;[34mselect&amp#27;[0m
        m1_0.id,
        m1_0.age,
        m1_0.birthday,
        m1_0.created_at,
        m1_0.deleted_at,
        m1_0.email,
        m1_0.grade,
        m1_0.last_login_date,
        m1_0.modified_at,
        m1_0.name,
        m1_0.password,
        m1_0.phone,
        m1_0.point,
        m1_0.status 
    &amp#27;[34mfrom&amp#27;[0m
        &amp#27;[32m`member`&amp#27;[0m m1_0 
    &amp#27;[34mwhere&amp#27;[0m
        m1_0.id=?
2024-06-24T10:16:32.834+09:00 TRACE 77710 --- [3runner-bookstore] [           main] org.hibernate.orm.jdbc.bind              : binding parameter (1:BIGINT) <- [361]
&amp#27;[35m[Hibernate]&amp#27;[0m 
    /* &amp#27;[34minsert&amp#27;[0m &amp#27;[34mfor&amp#27;[0m
        com.nhnacademy.bookstore.entity.purchase.Purchase */&amp#27;[34minsert&amp#27;[0m 
    &amp#27;[34minto&amp#27;[0m
        purchase (created_at, delivery_price, &amp#27;[32m`member_id`&amp#27;[0m, member_type, order_number, password, point_record_id, road, status, total_price) 
    &amp#27;[34mvalues&amp#27;[0m
        (?, ?, ?, ?, ?, ?, ?, ?, ?, ?)
2024-06-24T10:16:32.845+09:00 TRACE 77710 --- [3runner-bookstore] [           main] org.hibernate.orm.jdbc.bind              : binding parameter (1:TIMESTAMP_UTC) <- [2024-06-24T10:16:32.640428+09:00[Asia/Seoul]]
2024-06-24T10:16:32.845+09:00 TRACE 77710 --- [3runner-bookstore] [           main] org.hibernate.orm.jdbc.bind              : binding parameter (2:INTEGER) <- [100]
2024-06-24T10:16:32.845+09:00 TRACE 77710 --- [3runner-bookstore] [           main] org.hibernate.orm.jdbc.bind              : binding parameter (3:BIGINT) <- [361]
2024-06-24T10:16:32.845+09:00 TRACE 77710 --- [3runner-bookstore] [           main] org.hibernate.orm.jdbc.bind              : binding parameter (4:TINYINT) <- [MEMBER]
2024-06-24T10:16:32.845+09:00 TRACE 77710 --- [3runner-bookstore] [           main] org.hibernate.orm.jdbc.bind              : binding parameter (5:BINARY) <- [de565db7-1a4a-4a0f-94d8-c92844b45e15]
2024-06-24T10:16:32.845+09:00 TRACE 77710 --- [3runner-bookstore] [           main] org.hibernate.orm.jdbc.bind              : binding parameter (6:VARCHAR) <- [password]
2024-06-24T10:16:32.845+09:00 TRACE 77710 --- [3runner-bookstore] [           main] org.hibernate.orm.jdbc.bind              : binding parameter (7:BIGINT) <- [null]
2024-06-24T10:16:32.845+09:00 TRACE 77710 --- [3runner-bookstore] [           main] org.hibernate.orm.jdbc.bind              : binding parameter (8:VARCHAR) <- [road]
2024-06-24T10:16:32.845+09:00 TRACE 77710 --- [3runner-bookstore] [           main] org.hibernate.orm.jdbc.bind              : binding parameter (9:TINYINT) <- [SHIPPED]
2024-06-24T10:16:32.845+09:00 TRACE 77710 --- [3runner-bookstore] [           main] org.hibernate.orm.jdbc.bind              : binding parameter (10:INTEGER) <- [10]
2024-06-24T10:16:32.854+09:00 TRACE 77710 --- [3runner-bookstore] [           main] o.s.t.i.TransactionInterceptor           : Completing transaction for [org.springframework.data.jpa.repository.support.SimpleJpaRepository.save]
2024-06-24T10:16:32.873+09:00 TRACE 77710 --- [3runner-bookstore] [           main] o.s.t.i.TransactionInterceptor           : No need to create transaction for [org.springframework.data.jpa.repository.support.SimpleJpaRepository.existsPurchaseByOrderNumber]: This method is not transactional.
&amp#27;[35m[Hibernate]&amp#27;[0m 
    /* <criteria> */ &amp#27;[34mselect&amp#27;[0m
        p1_0.id 
    &amp#27;[34mfrom&amp#27;[0m
        purchase p1_0 
    &amp#27;[34mwhere&amp#27;[0m
        p1_0.order_number=? 
    limit
        ?
2024-06-24T10:16:32.895+09:00 TRACE 77710 --- [3runner-bookstore] [           main] org.hibernate.orm.jdbc.bind              : binding parameter (1:BINARY) <- [b34dd622-7bd4-4965-8641-ab59e42615c8]
2024-06-24T10:16:32.895+09:00 TRACE 77710 --- [3runner-bookstore] [           main] org.hibernate.orm.jdbc.bind              : binding parameter (2:INTEGER) <- [1]
2024-06-24T10:16:32.904+09:00 TRACE 77710 --- [3runner-bookstore] [           main] o.s.t.i.TransactionInterceptor           : No need to create transaction for [org.springframework.data.jpa.repository.support.SimpleJpaRepository.existsPurchaseByOrderNumber]: This method is not transactional.
&amp#27;[35m[Hibernate]&amp#27;[0m 
    /* <criteria> */ &amp#27;[34mselect&amp#27;[0m
        p1_0.id 
    &amp#27;[34mfrom&amp#27;[0m
        purchase p1_0 
    &amp#27;[34mwhere&amp#27;[0m
        p1_0.order_number=? 
    limit
        ?
2024-06-24T10:16:32.905+09:00 TRACE 77710 --- [3runner-bookstore] [           main] org.hibernate.orm.jdbc.bind              : binding parameter (1:BINARY) <- [eeee58c9-6ea7-463a-9ca9-0e3be0fc5b8c]
2024-06-24T10:16:32.905+09:00 TRACE 77710 --- [3runner-bookstore] [           main] org.hibernate.orm.jdbc.bind              : binding parameter (2:INTEGER) <- [1]
2024-06-24T10:16:32.913+09:00 TRACE 77710 --- [3runner-bookstore] [           main] o.s.t.i.TransactionInterceptor           : No need to create transaction for [org.springframework.data.jpa.repository.support.SimpleJpaRepository.existsPurchaseByOrderNumber]: This method is not transactional.
&amp#27;[35m[Hibernate]&amp#27;[0m 
    /* <criteria> */ &amp#27;[34mselect&amp#27;[0m
        p1_0.id 
    &amp#27;[34mfrom&amp#27;[0m
        purchase p1_0 
    &amp#27;[34mwhere&amp#27;[0m
        p1_0.order_number=? 
    limit
        ?
2024-06-24T10:16:32.914+09:00 TRACE 77710 --- [3runner-bookstore] [           main] org.hibernate.orm.jdbc.bind              : binding parameter (1:BINARY) <- [fcc51a63-a4e4-4d19-bda4-b05ed0e4bee5]
2024-06-24T10:16:32.914+09:00 TRACE 77710 --- [3runner-bookstore] [           main] org.hibernate.orm.jdbc.bind              : binding parameter (2:INTEGER) <- [1]
2024-06-24T10:16:32.923+09:00 TRACE 77710 --- [3runner-bookstore] [           main] o.s.t.i.TransactionInterceptor           : No need to create transaction for [org.springframework.data.jpa.repository.support.SimpleJpaRepository.existsPurchaseByOrderNumber]: This method is not transactional.
&amp#27;[35m[Hibernate]&amp#27;[0m 
    /* <criteria> */ &amp#27;[34mselect&amp#27;[0m
        p1_0.id 
    &amp#27;[34mfrom&amp#27;[0m
        purchase p1_0 
    &amp#27;[34mwhere&amp#27;[0m
        p1_0.order_number=? 
    limit
        ?
2024-06-24T10:16:32.923+09:00 TRACE 77710 --- [3runner-bookstore] [           main] org.hibernate.orm.jdbc.bind              : binding parameter (1:BINARY) <- [71aa0bd2-8900-4d35-81cd-9d6dd793197a]
2024-06-24T10:16:32.923+09:00 TRACE 77710 --- [3runner-bookstore] [           main] org.hibernate.orm.jdbc.bind              : binding parameter (2:INTEGER) <- [1]
2024-06-24T10:16:32.941+09:00 TRACE 77710 --- [3runner-bookstore] [           main] o.s.t.i.TransactionInterceptor           : Getting transaction for [com.nhnacademy.bookstore.member.member.service.impl.MemberServiceImpl.deleteMember]
2024-06-24T10:16:32.941+09:00 TRACE 77710 --- [3runner-bookstore] [           main] o.s.t.i.TransactionInterceptor           : Getting transaction for [org.springframework.data.jpa.repository.support.SimpleJpaRepository.findById]
&amp#27;[35m[Hibernate]&amp#27;[0m 
    &amp#27;[34mselect&amp#27;[0m
        m1_0.id,
        m1_0.age,
        m1_0.birthday,
        m1_0.created_at,
        m1_0.deleted_at,
        m1_0.email,
        m1_0.grade,
        m1_0.last_login_date,
        m1_0.modified_at,
        m1_0.name,
        m1_0.password,
        m1_0.phone,
        m1_0.point,
        m1_0.status 
    &amp#27;[34mfrom&amp#27;[0m
        &amp#27;[32m`member`&amp#27;[0m m1_0 
    &amp#27;[34mwhere&amp#27;[0m
        m1_0.id=?
2024-06-24T10:16:32.941+09:00 TRACE 77710 --- [3runner-bookstore] [           main] org.hibernate.orm.jdbc.bind              : binding parameter (1:BIGINT) <- [360]
2024-06-24T10:16:32.951+09:00 TRACE 77710 --- [3runner-bookstore] [           main] o.s.t.i.TransactionInterceptor           : Completing transaction for [org.springframework.data.jpa.repository.support.SimpleJpaRepository.findById]
2024-06-24T10:16:32.951+09:00 TRACE 77710 --- [3runner-bookstore] [           main] o.s.t.i.TransactionInterceptor           : Getting transaction for [org.springframework.data.jpa.repository.support.SimpleJpaRepository.save]
2024-06-24T10:16:32.951+09:00 TRACE 77710 --- [3runner-bookstore] [           main] o.s.t.i.TransactionInterceptor           : Completing transaction for [org.springframework.data.jpa.repository.support.SimpleJpaRepository.save]
2024-06-24T10:16:32.951+09:00 TRACE 77710 --- [3runner-bookstore] [           main] o.s.t.i.TransactionInterceptor           : Completing transaction for [com.nhnacademy.bookstore.member.member.service.impl.MemberServiceImpl.deleteMember]
&amp#27;[35m[Hibernate]&amp#27;[0m 
    /* &amp#27;[34mupdate&amp#27;[0m
        &amp#27;[34mfor&amp#27;[0m com.nhnacademy.bookstore.entity.&amp#27;[34mmember&amp#27;[0m.&amp#27;[34mMember&amp#27;[0m */&amp#27;[34mupdate&amp#27;[0m &amp#27;[32m`member`&amp#27;[0m 
    &amp#27;[34mset&amp#27;[0m
        age=?,
        birthday=?,
        created_at=?,
        deleted_at=?,
        email=?,
        grade=?,
        last_login_date=?,
        modified_at=?,
        name=?,
        password=?,
        phone=?,
        point=?,
        status=? 
    &amp#27;[34mwhere&amp#27;[0m
        id=?
2024-06-24T10:16:32.952+09:00 TRACE 77710 --- [3runner-bookstore] [           main] org.hibernate.orm.jdbc.bind              : binding parameter (1:INTEGER) <- [1]
2024-06-24T10:16:32.952+09:00 TRACE 77710 --- [3runner-bookstore] [           main] org.hibernate.orm.jdbc.bind              : binding parameter (2:TIMESTAMP_UTC) <- [2024-06-24T01:16:32.564286Z]
2024-06-24T10:16:32.952+09:00 TRACE 77710 --- [3runner-bookstore] [           main] org.hibernate.orm.jdbc.bind              : binding parameter (3:TIMESTAMP_UTC) <- [2024-06-24T01:16:32.564296Z]
2024-06-24T10:16:32.952+09:00 TRACE 77710 --- [3runner-bookstore] [           main] org.hibernate.orm.jdbc.bind              : binding parameter (4:TIMESTAMP_UTC) <- [2024-06-24T10:16:32.951724+09:00[Asia/Seoul]]
2024-06-24T10:16:32.952+09:00 TRACE 77710 --- [3runner-bookstore] [           main] org.hibernate.orm.jdbc.bind              : binding parameter (5:VARCHAR) <- [dfdaf@nav.com]
2024-06-24T10:16:32.952+09:00 TRACE 77710 --- [3runner-bookstore] [           main] org.hibernate.orm.jdbc.bind              : binding parameter (6:TINYINT) <- [General]
2024-06-24T10:16:32.952+09:00 TRACE 77710 --- [3runner-bookstore] [           main] org.hibernate.orm.jdbc.bind              : binding parameter (7:TIMESTAMP_UTC) <- [null]
2024-06-24T10:16:32.952+09:00 TRACE 77710 --- [3runner-bookstore] [           main] org.hibernate.orm.jdbc.bind              : binding parameter (8:TIMESTAMP_UTC) <- [null]
2024-06-24T10:16:32.952+09:00 TRACE 77710 --- [3runner-bookstore] [           main] org.hibernate.orm.jdbc.bind              : binding parameter (9:VARCHAR) <- [1]
2024-06-24T10:16:32.952+09:00 TRACE 77710 --- [3runner-bookstore] [           main] org.hibernate.orm.jdbc.bind              : binding parameter (10:VARCHAR) <- [1]
2024-06-24T10:16:32.952+09:00 TRACE 77710 --- [3runner-bookstore] [           main] org.hibernate.orm.jdbc.bind              : binding parameter (11:VARCHAR) <- [1]
2024-06-24T10:16:32.952+09:00 TRACE 77710 --- [3runner-bookstore] [           main] org.hibernate.orm.jdbc.bind              : binding parameter (12:BIGINT) <- [5000]
2024-06-24T10:16:32.952+09:00 TRACE 77710 --- [3runner-bookstore] [           main] org.hibernate.orm.jdbc.bind              : binding parameter (13:TINYINT) <- [Withdrawn]
2024-06-24T10:16:32.952+09:00 TRACE 77710 --- [3runner-bookstore] [           main] org.hibernate.orm.jdbc.bind              : binding parameter (14:BIGINT) <- [360]
2024-06-24T10:16:32.990+09:00 TRACE 77710 --- [3runner-bookstore] [           main] o.s.t.i.TransactionInterceptor           : Getting transaction for [com.nhnacademy.bookstore.member.member.service.impl.MemberServiceImpl.deleteMember]
2024-06-24T10:16:32.990+09:00 TRACE 77710 --- [3runner-bookstore] [           main] o.s.t.i.TransactionInterceptor           : Getting transaction for [org.springframework.data.jpa.repository.support.SimpleJpaRepository.findById]
&amp#27;[35m[Hibernate]&amp#27;[0m 
    &amp#27;[34mselect&amp#27;[0m
        m1_0.id,
        m1_0.age,
        m1_0.birthday,
        m1_0.created_at,
        m1_0.deleted_at,
        m1_0.email,
        m1_0.grade,
        m1_0.last_login_date,
        m1_0.modified_at,
        m1_0.name,
        m1_0.password,
        m1_0.phone,
        m1_0.point,
        m1_0.status 
    &amp#27;[34mfrom&amp#27;[0m
        &amp#27;[32m`member`&amp#27;[0m m1_0 
    &amp#27;[34mwhere&amp#27;[0m
        m1_0.id=?
2024-06-24T10:16:32.990+09:00 TRACE 77710 --- [3runner-bookstore] [           main] org.hibernate.orm.jdbc.bind              : binding parameter (1:BIGINT) <- [361]
2024-06-24T10:16:33.000+09:00 TRACE 77710 --- [3runner-bookstore] [           main] o.s.t.i.TransactionInterceptor           : Completing transaction for [org.springframework.data.jpa.repository.support.SimpleJpaRepository.findById]
2024-06-24T10:16:33.000+09:00 TRACE 77710 --- [3runner-bookstore] [           main] o.s.t.i.TransactionInterceptor           : Getting transaction for [org.springframework.data.jpa.repository.support.SimpleJpaRepository.save]
2024-06-24T10:16:33.000+09:00 TRACE 77710 --- [3runner-bookstore] [           main] o.s.t.i.TransactionInterceptor           : Completing transaction for [org.springframework.data.jpa.repository.support.SimpleJpaRepository.save]
2024-06-24T10:16:33.000+09:00 TRACE 77710 --- [3runner-bookstore] [           main] o.s.t.i.TransactionInterceptor           : Completing transaction for [com.nhnacademy.bookstore.member.member.service.impl.MemberServiceImpl.deleteMember]
&amp#27;[35m[Hibernate]&amp#27;[0m 
    /* &amp#27;[34mupdate&amp#27;[0m
        &amp#27;[34mfor&amp#27;[0m com.nhnacademy.bookstore.entity.&amp#27;[34mmember&amp#27;[0m.&amp#27;[34mMember&amp#27;[0m */&amp#27;[34mupdate&amp#27;[0m &amp#27;[32m`member`&amp#27;[0m 
    &amp#27;[34mset&amp#27;[0m
        age=?,
        birthday=?,
        created_at=?,
        deleted_at=?,
        email=?,
        grade=?,
        last_login_date=?,
        modified_at=?,
        name=?,
        password=?,
        phone=?,
        point=?,
        status=? 
    &amp#27;[34mwhere&amp#27;[0m
        id=?
2024-06-24T10:16:33.001+09:00 TRACE 77710 --- [3runner-bookstore] [           main] org.hibernate.orm.jdbc.bind              : binding parameter (1:INTEGER) <- [1]
2024-06-24T10:16:33.001+09:00 TRACE 77710 --- [3runner-bookstore] [           main] org.hibernate.orm.jdbc.bind              : binding parameter (2:TIMESTAMP_UTC) <- [2024-06-24T01:16:32.564299Z]
2024-06-24T10:16:33.001+09:00 TRACE 77710 --- [3runner-bookstore] [           main] org.hibernate.orm.jdbc.bind              : binding parameter (3:TIMESTAMP_UTC) <- [2024-06-24T01:16:32.564301Z]
2024-06-24T10:16:33.001+09:00 TRACE 77710 --- [3runner-bookstore] [           main] org.hibernate.orm.jdbc.bind              : binding parameter (4:TIMESTAMP_UTC) <- [2024-06-24T10:16:33.000814+09:00[Asia/Seoul]]
2024-06-24T10:16:33.001+09:00 TRACE 77710 --- [3runner-bookstore] [           main] org.hibernate.orm.jdbc.bind              : binding parameter (5:VARCHAR) <- [dfdadf@nav.com]
2024-06-24T10:16:33.001+09:00 TRACE 77710 --- [3runner-bookstore] [           main] org.hibernate.orm.jdbc.bind              : binding parameter (6:TINYINT) <- [General]
2024-06-24T10:16:33.001+09:00 TRACE 77710 --- [3runner-bookstore] [           main] org.hibernate.orm.jdbc.bind              : binding parameter (7:TIMESTAMP_UTC) <- [null]
2024-06-24T10:16:33.001+09:00 TRACE 77710 --- [3runner-bookstore] [           main] org.hibernate.orm.jdbc.bind              : binding parameter (8:TIMESTAMP_UTC) <- [null]
2024-06-24T10:16:33.001+09:00 TRACE 77710 --- [3runner-bookstore] [           main] org.hibernate.orm.jdbc.bind              : binding parameter (9:VARCHAR) <- [1]
2024-06-24T10:16:33.001+09:00 TRACE 77710 --- [3runner-bookstore] [           main] org.hibernate.orm.jdbc.bind              : binding parameter (10:VARCHAR) <- [1]
2024-06-24T10:16:33.001+09:00 TRACE 77710 --- [3runner-bookstore] [           main] org.hibernate.orm.jdbc.bind              : binding parameter (11:VARCHAR) <- [1]
2024-06-24T10:16:33.001+09:00 TRACE 77710 --- [3runner-bookstore] [           main] org.hibernate.orm.jdbc.bind              : binding parameter (12:BIGINT) <- [5000]
2024-06-24T10:16:33.001+09:00 TRACE 77710 --- [3runner-bookstore] [           main] org.hibernate.orm.jdbc.bind              : binding parameter (13:TINYINT) <- [Withdrawn]
2024-06-24T10:16:33.001+09:00 TRACE 77710 --- [3runner-bookstore] [           main] org.hibernate.orm.jdbc.bind              : binding parameter (14:BIGINT) <- [361]
2024-06-24T10:16:33.039+09:00 TRACE 77710 --- [3runner-bookstore] [           main] o.s.t.i.TransactionInterceptor           : Getting transaction for [org.springframework.data.jpa.repository.support.SimpleJpaRepository.delete]
&amp#27;[35m[Hibernate]&amp#27;[0m 
    &amp#27;[34mselect&amp#27;[0m
        p1_0.id,
        p1_0.created_at,
        p1_0.delivery_price,
        m1_0.id,
        m1_0.age,
        m1_0.birthday,
        m1_0.created_at,
        m1_0.deleted_at,
        m1_0.email,
        m1_0.grade,
        m1_0.last_login_date,
        m1_0.modified_at,
        m1_0.name,
        m1_0.password,
        m1_0.phone,
        m1_0.point,
        m1_0.status,
        p1_0.member_type,
        p1_0.order_number,
        p1_0.password,
        pr1_0.id,
        pr1_0.content,
        pr1_0.created_at,
        pr1_0.&amp#27;[32m`member_id`&amp#27;[0m,
        m2_0.id,
        m2_0.age,
        m2_0.birthday,
        m2_0.created_at,
        m2_0.deleted_at,
        m2_0.email,
        m2_0.grade,
        m2_0.last_login_date,
        m2_0.modified_at,
        m2_0.name,
        m2_0.password,
        m2_0.phone,
        m2_0.point,
        m2_0.status,
        pr1_0.member_point,
        pr1_0.remnant_point,
        p1_0.road,
        p1_0.status,
        p1_0.total_price 
    &amp#27;[34mfrom&amp#27;[0m
        purchase p1_0 
    &amp#27;[34mleft&amp#27;[0m &amp#27;[34mjoin&amp#27;[0m
        &amp#27;[32m`member`&amp#27;[0m m1_0 
            &amp#27;[34mon&amp#27;[0m m1_0.id=p1_0.&amp#27;[32m`member_id`&amp#27;[0m 
    &amp#27;[34mleft&amp#27;[0m &amp#27;[34mjoin&amp#27;[0m
        point_record pr1_0 
            &amp#27;[34mon&amp#27;[0m pr1_0.id=p1_0.point_record_id 
    &amp#27;[34mleft&amp#27;[0m &amp#27;[34mjoin&amp#27;[0m
        &amp#27;[32m`member`&amp#27;[0m m2_0 
            &amp#27;[34mon&amp#27;[0m m2_0.id=pr1_0.&amp#27;[32m`member_id`&amp#27;[0m 
    &amp#27;[34mwhere&amp#27;[0m
        p1_0.id=?
2024-06-24T10:16:33.039+09:00 TRACE 77710 --- [3runner-bookstore] [           main] org.hibernate.orm.jdbc.bind              : binding parameter (1:BIGINT) <- [1]
2024-06-24T10:16:33.049+09:00 TRACE 77710 --- [3runner-bookstore] [           main] o.s.t.i.TransactionInterceptor           : Completing transaction for [org.springframework.data.jpa.repository.support.SimpleJpaRepository.delete]
2024-06-24T10:16:33.076+09:00 TRACE 77710 --- [3runner-bookstore] [           main] o.s.t.i.TransactionInterceptor           : Getting transaction for [org.springframework.data.jpa.repository.support.SimpleJpaRepository.delete]
&amp#27;[35m[Hibernate]&amp#27;[0m 
    &amp#27;[34mselect&amp#27;[0m
        p1_0.id,
        p1_0.created_at,
        p1_0.delivery_price,
        m1_0.id,
        m1_0.age,
        m1_0.birthday,
        m1_0.created_at,
        m1_0.deleted_at,
        m1_0.email,
        m1_0.grade,
        m1_0.last_login_date,
        m1_0.modified_at,
        m1_0.name,
        m1_0.password,
        m1_0.phone,
        m1_0.point,
        m1_0.status,
        p1_0.member_type,
        p1_0.order_number,
        p1_0.password,
        pr1_0.id,
        pr1_0.content,
        pr1_0.created_at,
        pr1_0.&amp#27;[32m`member_id`&amp#27;[0m,
        m2_0.id,
        m2_0.age,
        m2_0.birthday,
        m2_0.created_at,
        m2_0.deleted_at,
        m2_0.email,
        m2_0.grade,
        m2_0.last_login_date,
        m2_0.modified_at,
        m2_0.name,
        m2_0.password,
        m2_0.phone,
        m2_0.point,
        m2_0.status,
        pr1_0.member_point,
        pr1_0.remnant_point,
        p1_0.road,
        p1_0.status,
        p1_0.total_price 
    &amp#27;[34mfrom&amp#27;[0m
        purchase p1_0 
    &amp#27;[34mleft&amp#27;[0m &amp#27;[34mjoin&amp#27;[0m
        &amp#27;[32m`member`&amp#27;[0m m1_0 
            &amp#27;[34mon&amp#27;[0m m1_0.id=p1_0.&amp#27;[32m`member_id`&amp#27;[0m 
    &amp#27;[34mleft&amp#27;[0m &amp#27;[34mjoin&amp#27;[0m
        point_record pr1_0 
            &amp#27;[34mon&amp#27;[0m pr1_0.id=p1_0.point_record_id 
    &amp#27;[34mleft&amp#27;[0m &amp#27;[34mjoin&amp#27;[0m
        &amp#27;[32m`member`&amp#27;[0m m2_0 
            &amp#27;[34mon&amp#27;[0m m2_0.id=pr1_0.&amp#27;[32m`member_id`&amp#27;[0m 
    &amp#27;[34mwhere&amp#27;[0m
        p1_0.id=?
2024-06-24T10:16:33.076+09:00 TRACE 77710 --- [3runner-bookstore] [           main] org.hibernate.orm.jdbc.bind              : binding parameter (1:BIGINT) <- [2]
2024-06-24T10:16:33.086+09:00 TRACE 77710 --- [3runner-bookstore] [           main] o.s.t.i.TransactionInterceptor           : Completing transaction for [org.springframework.data.jpa.repository.support.SimpleJpaRepository.delete]
2024-06-24T10:16:33.113+09:00 TRACE 77710 --- [3runner-bookstore] [           main] o.s.t.i.TransactionInterceptor           : Getting transaction for [org.springframework.data.jpa.repository.support.SimpleJpaRepository.delete]
&amp#27;[35m[Hibernate]&amp#27;[0m 
    &amp#27;[34mselect&amp#27;[0m
        p1_0.id,
        p1_0.created_at,
        p1_0.delivery_price,
        m1_0.id,
        m1_0.age,
        m1_0.birthday,
        m1_0.created_at,
        m1_0.deleted_at,
        m1_0.email,
        m1_0.grade,
        m1_0.last_login_date,
        m1_0.modified_at,
        m1_0.name,
        m1_0.password,
        m1_0.phone,
        m1_0.point,
        m1_0.status,
        p1_0.member_type,
        p1_0.order_number,
        p1_0.password,
        pr1_0.id,
        pr1_0.content,
        pr1_0.created_at,
        pr1_0.&amp#27;[32m`member_id`&amp#27;[0m,
        m2_0.id,
        m2_0.age,
        m2_0.birthday,
        m2_0.created_at,
        m2_0.deleted_at,
        m2_0.email,
        m2_0.grade,
        m2_0.last_login_date,
        m2_0.modified_at,
        m2_0.name,
        m2_0.password,
        m2_0.phone,
        m2_0.point,
        m2_0.status,
        pr1_0.member_point,
        pr1_0.remnant_point,
        p1_0.road,
        p1_0.status,
        p1_0.total_price 
    &amp#27;[34mfrom&amp#27;[0m
        purchase p1_0 
    &amp#27;[34mleft&amp#27;[0m &amp#27;[34mjoin&amp#27;[0m
        &amp#27;[32m`member`&amp#27;[0m m1_0 
            &amp#27;[34mon&amp#27;[0m m1_0.id=p1_0.&amp#27;[32m`member_id`&amp#27;[0m 
    &amp#27;[34mleft&amp#27;[0m &amp#27;[34mjoin&amp#27;[0m
        point_record pr1_0 
            &amp#27;[34mon&amp#27;[0m pr1_0.id=p1_0.point_record_id 
    &amp#27;[34mleft&amp#27;[0m &amp#27;[34mjoin&amp#27;[0m
        &amp#27;[32m`member`&amp#27;[0m m2_0 
            &amp#27;[34mon&amp#27;[0m m2_0.id=pr1_0.&amp#27;[32m`member_id`&amp#27;[0m 
    &amp#27;[34mwhere&amp#27;[0m
        p1_0.id=?
2024-06-24T10:16:33.113+09:00 TRACE 77710 --- [3runner-bookstore] [           main] org.hibernate.orm.jdbc.bind              : binding parameter (1:BIGINT) <- [3]
2024-06-24T10:16:33.123+09:00 TRACE 77710 --- [3runner-bookstore] [           main] o.s.t.i.TransactionInterceptor           : Completing transaction for [org.springframework.data.jpa.repository.support.SimpleJpaRepository.delete]
2024-06-24T10:16:33.150+09:00 TRACE 77710 --- [3runner-bookstore] [           main] o.s.t.i.TransactionInterceptor           : Getting transaction for [org.springframework.data.jpa.repository.support.SimpleJpaRepository.delete]
&amp#27;[35m[Hibernate]&amp#27;[0m 
    &amp#27;[34mselect&amp#27;[0m
        p1_0.id,
        p1_0.created_at,
        p1_0.delivery_price,
        m1_0.id,
        m1_0.age,
        m1_0.birthday,
        m1_0.created_at,
        m1_0.deleted_at,
        m1_0.email,
        m1_0.grade,
        m1_0.last_login_date,
        m1_0.modified_at,
        m1_0.name,
        m1_0.password,
        m1_0.phone,
        m1_0.point,
        m1_0.status,
        p1_0.member_type,
        p1_0.order_number,
        p1_0.password,
        pr1_0.id,
        pr1_0.content,
        pr1_0.created_at,
        pr1_0.&amp#27;[32m`member_id`&amp#27;[0m,
        m2_0.id,
        m2_0.age,
        m2_0.birthday,
        m2_0.created_at,
        m2_0.deleted_at,
        m2_0.email,
        m2_0.grade,
        m2_0.last_login_date,
        m2_0.modified_at,
        m2_0.name,
        m2_0.password,
        m2_0.phone,
        m2_0.point,
        m2_0.status,
        pr1_0.member_point,
        pr1_0.remnant_point,
        p1_0.road,
        p1_0.status,
        p1_0.total_price 
    &amp#27;[34mfrom&amp#27;[0m
        purchase p1_0 
    &amp#27;[34mleft&amp#27;[0m &amp#27;[34mjoin&amp#27;[0m
        &amp#27;[32m`member`&amp#27;[0m m1_0 
            &amp#27;[34mon&amp#27;[0m m1_0.id=p1_0.&amp#27;[32m`member_id`&amp#27;[0m 
    &amp#27;[34mleft&amp#27;[0m &amp#27;[34mjoin&amp#27;[0m
        point_record pr1_0 
            &amp#27;[34mon&amp#27;[0m pr1_0.id=p1_0.point_record_id 
    &amp#27;[34mleft&amp#27;[0m &amp#27;[34mjoin&amp#27;[0m
        &amp#27;[32m`member`&amp#27;[0m m2_0 
            &amp#27;[34mon&amp#27;[0m m2_0.id=pr1_0.&amp#27;[32m`member_id`&amp#27;[0m 
    &amp#27;[34mwhere&amp#27;[0m
        p1_0.id=?
2024-06-24T10:16:33.150+09:00 TRACE 77710 --- [3runner-bookstore] [           main] org.hibernate.orm.jdbc.bind              : binding parameter (1:BIGINT) <- [4]
2024-06-24T10:16:33.159+09:00 TRACE 77710 --- [3runner-bookstore] [           main] o.s.t.i.TransactionInterceptor           : Completing transaction for [org.springframework.data.jpa.repository.support.SimpleJpaRepository.delete]
]]></system-out>
  </testcase>
</testsuite>